<?xml version="1.0" encoding="UTF-8"?>
<testsuite name="com.todolist.TodoCtrlTest" time="10.184" tests="2" errors="1" skipped="0" failures="0">
  <properties>
[...]
</properties>
  <testcase name="test" classname="com.todolist.TodoCtrlTest" time="10.151">
    <error message="Request processing failed; nested exception is org.springframework.dao.DataAccessResourceFailureException: Timed out after 10000 ms while waiting to connect. Client view of cluster state is {type=Unknown, servers=[{address=localhost:27017, type=Unknown, state=Connecting, exception={com.mongodb.MongoException$Network: Exception opening the socket}, caused by {java.net.ConnectException: Connection refused: connect}}]; nested exception is com.mongodb.MongoTimeoutException: Timed out after 10000 ms while waiting to connect. Client view of cluster state is {type=Unknown, servers=[{address=localhost:27017, type=Unknown, state=Connecting, exception={com.mongodb.MongoException$Network: Exception opening the socket}, caused by {java.net.ConnectException: Connection refused: connect}}]" type="org.springframework.web.util.NestedServletException">org.springframework.web.util.NestedServletException: Request processing failed; nested exception is org.springframework.dao.DataAccessResourceFailureException: Timed out after 10000 ms while waiting to connect. Client view of cluster state is {type=Unknown, servers=[{address=localhost:27017, type=Unknown, state=Connecting, exception={com.mongodb.MongoException$Network: Exception opening the socket}, caused by {java.net.ConnectException: Connection refused: connect}}]; nested exception is com.mongodb.MongoTimeoutException: Timed out after 10000 ms while waiting to connect. Client view of cluster state is {type=Unknown, servers=[{address=localhost:27017, type=Unknown, state=Connecting, exception={com.mongodb.MongoException$Network: Exception opening the socket}, caused by {java.net.ConnectException: Connection refused: connect}}]
	at com.mongodb.BaseCluster.getDescription(BaseCluster.java:128)
	at com.mongodb.DBTCPConnector.getClusterDescription(DBTCPConnector.java:402)
	at com.mongodb.DBTCPConnector.getType(DBTCPConnector.java:579)
	at com.mongodb.DBTCPConnector.isMongosConnection(DBTCPConnector.java:376)
	at com.mongodb.Mongo.isMongosConnection(Mongo.java:622)
	at com.mongodb.DBCursor._check(DBCursor.java:494)
	at com.mongodb.DBCursor._hasNext(DBCursor.java:621)
	at com.mongodb.DBCursor.hasNext(DBCursor.java:657)
	at org.springframework.data.mongodb.core.MongoTemplate.executeFindMultiInternal(MongoTemplate.java:1898)
	at org.springframework.data.mongodb.core.MongoTemplate.doFind(MongoTemplate.java:1723)
	at org.springframework.data.mongodb.core.MongoTemplate.doFind(MongoTemplate.java:1706)
	at org.springframework.data.mongodb.core.MongoTemplate.find(MongoTemplate.java:602)
	at org.springframework.data.mongodb.repository.support.SimpleMongoRepository.findAll(SimpleMongoRepository.java:268)
	at org.springframework.data.mongodb.repository.support.SimpleMongoRepository.findAll(SimpleMongoRepository.java:193)
	at sun.reflect.NativeMethodAccessorImpl.invoke0(Native Method)
	at sun.reflect.NativeMethodAccessorImpl.invoke(NativeMethodAccessorImpl.java:62)
	at sun.reflect.DelegatingMethodAccessorImpl.invoke(DelegatingMethodAccessorImpl.java:43)
	at java.lang.reflect.Method.invoke(Method.java:498)
	at org.springframework.data.repository.core.support.RepositoryFactorySupport$QueryExecutorMethodInterceptor.executeMethodOn(RepositoryFactorySupport.java:483)
	at org.springframework.data.repository.core.support.RepositoryFactorySupport$QueryExecutorMethodInterceptor.doInvoke(RepositoryFactorySupport.java:468)
	at org.springframework.data.repository.core.support.RepositoryFactorySupport$QueryExecutorMethodInterceptor.invoke(RepositoryFactorySupport.java:440)
	at org.springframework.aop.framework.ReflectiveMethodInvocation.proceed(ReflectiveMethodInvocation.java:179)
	at org.springframework.data.projection.DefaultMethodInvokingMethodInterceptor.invoke(DefaultMethodInvokingMethodInterceptor.java:61)
	at org.springframework.aop.framework.ReflectiveMethodInvocation.proceed(ReflectiveMethodInvocation.java:179)
	at org.springframework.aop.interceptor.ExposeInvocationInterceptor.invoke(ExposeInvocationInterceptor.java:92)
	at org.springframework.aop.framework.ReflectiveMethodInvocation.proceed(ReflectiveMethodInvocation.java:179)
	at org.springframework.aop.framework.JdkDynamicAopProxy.invoke(JdkDynamicAopProxy.java:208)
	at com.sun.proxy.$Proxy57.findAll(Unknown Source)
	at com.todolist.services.TodoCtrl.toda(TodoCtrl.java:94)
	at sun.reflect.NativeMethodAccessorImpl.invoke0(Native Method)
	at sun.reflect.NativeMethodAccessorImpl.invoke(NativeMethodAccessorImpl.java:62)
	at sun.reflect.DelegatingMethodAccessorImpl.invoke(DelegatingMethodAccessorImpl.java:43)
	at java.lang.reflect.Method.invoke(Method.java:498)
	at org.springframework.web.method.support.InvocableHandlerMethod.doInvoke(InvocableHandlerMethod.java:222)
	at org.springframework.web.method.support.InvocableHandlerMethod.invokeForRequest(InvocableHandlerMethod.java:137)
	at org.springframework.web.servlet.mvc.method.annotation.ServletInvocableHandlerMethod.invokeAndHandle(ServletInvocableHandlerMethod.java:110)
	at org.springframework.web.servlet.mvc.method.annotation.RequestMappingHandlerAdapter.invokeHandlerMethod(RequestMappingHandlerAdapter.java:814)
	at org.springframework.web.servlet.mvc.method.annotation.RequestMappingHandlerAdapter.handleInternal(RequestMappingHandlerAdapter.java:737)
	at org.springframework.web.servlet.mvc.method.AbstractHandlerMethodAdapter.handle(AbstractHandlerMethodAdapter.java:85)
	at org.springframework.web.servlet.DispatcherServlet.doDispatch(DispatcherServlet.java:959)
	at org.springframework.web.servlet.DispatcherServlet.doService(DispatcherServlet.java:893)
	at org.springframework.web.servlet.FrameworkServlet.processRequest(FrameworkServlet.java:969)
	at org.springframework.web.servlet.FrameworkServlet.doGet(FrameworkServlet.java:860)
	at javax.servlet.http.HttpServlet.service(HttpServlet.java:622)
	at org.springframework.web.servlet.FrameworkServlet.service(FrameworkServlet.java:845)
	at org.springframework.test.web.servlet.TestDispatcherServlet.service(TestDispatcherServlet.java:65)
	at javax.servlet.http.HttpServlet.service(HttpServlet.java:729)
	at org.springframework.mock.web.MockFilterChain$ServletFilterProxy.doFilter(MockFilterChain.java:167)
	at org.springframework.mock.web.MockFilterChain.doFilter(MockFilterChain.java:134)
	at org.springframework.test.web.servlet.MockMvc.perform(MockMvc.java:155)
	at com.todolist.TodoCtrlTest.test(TodoCtrlTest.java:47)
</error>
    <system-out><![CDATA[18:01:32.326 [main] DEBUG o.s.t.c.j.SpringJUnit4ClassRunner - SpringJUnit4ClassRunner constructor called with [class com.todolist.TodoCtrlTest]
18:01:32.333 [main] DEBUG o.s.test.context.BootstrapUtils - Instantiating CacheAwareContextLoaderDelegate from class [org.springframework.test.context.cache.DefaultCacheAwareContextLoaderDelegate]
18:01:32.339 [main] DEBUG o.s.test.context.BootstrapUtils - Instantiating BootstrapContext using constructor [public org.springframework.test.context.support.DefaultBootstrapContext(java.lang.Class,org.springframework.test.context.CacheAwareContextLoaderDelegate)]
18:01:32.351 [main] DEBUG o.s.test.context.BootstrapUtils - Instantiating TestContextBootstrapper for test class [com.todolist.TodoCtrlTest] from class [org.springframework.test.context.web.WebTestContextBootstrapper]
18:01:32.373 [main] DEBUG o.s.t.c.s.AbstractDelegatingSmartContextLoader - Delegating to AnnotationConfigWebContextLoader to process context configuration [ContextConfigurationAttributes@3701eaf6 declaringClass = 'com.todolist.TodoCtrlTest', classes = '{class com.todolist.Application}', locations = '{}', inheritLocations = true, initializers = '{}', inheritInitializers = true, name = [null], contextLoaderClass = 'org.springframework.test.context.ContextLoader'].
18:01:32.375 [main] DEBUG o.s.t.c.support.ActiveProfilesUtils - Could not find an 'annotation declaring class' for annotation type [org.springframework.test.context.ActiveProfiles] and class [com.todolist.TodoCtrlTest]
18:01:32.382 [main] DEBUG o.s.t.c.w.WebTestContextBootstrapper - @TestExecutionListeners is not present for class [com.todolist.TodoCtrlTest]: using defaults.
18:01:32.392 [main] INFO  o.s.t.c.w.WebTestContextBootstrapper - Loaded default TestExecutionListener class names from location [META-INF/spring.factories]: [org.springframework.test.context.web.ServletTestExecutionListener, org.springframework.test.context.support.DirtiesContextBeforeModesTestExecutionListener, org.springframework.test.context.support.DependencyInjectionTestExecutionListener, org.springframework.test.context.support.DirtiesContextTestExecutionListener, org.springframework.test.context.transaction.TransactionalTestExecutionListener, org.springframework.test.context.jdbc.SqlScriptsTestExecutionListener]
18:01:32.410 [main] INFO  o.s.t.c.w.WebTestContextBootstrapper - Using TestExecutionListeners: [org.springframework.test.context.web.ServletTestExecutionListener@307f6b8c, org.springframework.test.context.support.DirtiesContextBeforeModesTestExecutionListener@7a187f14, org.springframework.test.context.support.DependencyInjectionTestExecutionListener@6f195bc3, org.springframework.test.context.support.DirtiesContextTestExecutionListener@51e2adc7, org.springframework.test.context.transaction.TransactionalTestExecutionListener@1a8a8f7c, org.springframework.test.context.jdbc.SqlScriptsTestExecutionListener@2353b3e6]
18:01:32.414 [main] DEBUG o.s.t.annotation.ProfileValueUtils - Retrieved @ProfileValueSourceConfiguration [null] for test class [com.todolist.TodoCtrlTest]
18:01:32.414 [main] DEBUG o.s.t.annotation.ProfileValueUtils - Retrieved ProfileValueSource type [class org.springframework.test.annotation.SystemProfileValueSource] for class [com.todolist.TodoCtrlTest]
18:01:32.417 [main] DEBUG o.s.t.c.j.SpringJUnit4ClassRunner - SpringJUnit4ClassRunner constructor called with [class com.todolist.TodoCtrlTest]
18:01:32.417 [main] DEBUG o.s.test.context.BootstrapUtils - Instantiating CacheAwareContextLoaderDelegate from class [org.springframework.test.context.cache.DefaultCacheAwareContextLoaderDelegate]
18:01:32.418 [main] DEBUG o.s.test.context.BootstrapUtils - Instantiating BootstrapContext using constructor [public org.springframework.test.context.support.DefaultBootstrapContext(java.lang.Class,org.springframework.test.context.CacheAwareContextLoaderDelegate)]
18:01:32.419 [main] DEBUG o.s.test.context.BootstrapUtils - Instantiating TestContextBootstrapper for test class [com.todolist.TodoCtrlTest] from class [org.springframework.test.context.web.WebTestContextBootstrapper]
18:01:32.420 [main] DEBUG o.s.t.c.s.AbstractDelegatingSmartContextLoader - Delegating to AnnotationConfigWebContextLoader to process context configuration [ContextConfigurationAttributes@38bc8ab5 declaringClass = 'com.todolist.TodoCtrlTest', classes = '{class com.todolist.Application}', locations = '{}', inheritLocations = true, initializers = '{}', inheritInitializers = true, name = [null], contextLoaderClass = 'org.springframework.test.context.ContextLoader'].
18:01:32.420 [main] DEBUG o.s.t.c.support.ActiveProfilesUtils - Could not find an 'annotation declaring class' for annotation type [org.springframework.test.context.ActiveProfiles] and class [com.todolist.TodoCtrlTest]
18:01:32.421 [main] DEBUG o.s.t.c.w.WebTestContextBootstrapper - @TestExecutionListeners is not present for class [com.todolist.TodoCtrlTest]: using defaults.
18:01:32.425 [main] INFO  o.s.t.c.w.WebTestContextBootstrapper - Loaded default TestExecutionListener class names from location [META-INF/spring.factories]: [org.springframework.test.context.web.ServletTestExecutionListener, org.springframework.test.context.support.DirtiesContextBeforeModesTestExecutionListener, org.springframework.test.context.support.DependencyInjectionTestExecutionListener, org.springframework.test.context.support.DirtiesContextTestExecutionListener, org.springframework.test.context.transaction.TransactionalTestExecutionListener, org.springframework.test.context.jdbc.SqlScriptsTestExecutionListener]
18:01:32.425 [main] INFO  o.s.t.c.w.WebTestContextBootstrapper - Using TestExecutionListeners: [org.springframework.test.context.web.ServletTestExecutionListener@42d8062c, org.springframework.test.context.support.DirtiesContextBeforeModesTestExecutionListener@6043cd28, org.springframework.test.context.support.DependencyInjectionTestExecutionListener@cb51256, org.springframework.test.context.support.DirtiesContextTestExecutionListener@59906517, org.springframework.test.context.transaction.TransactionalTestExecutionListener@5bfbf16f, org.springframework.test.context.jdbc.SqlScriptsTestExecutionListener@25af5db5]
18:01:32.426 [main] DEBUG o.s.t.annotation.ProfileValueUtils - Retrieved @ProfileValueSourceConfiguration [null] for test class [com.todolist.TodoCtrlTest]
18:01:32.426 [main] DEBUG o.s.t.annotation.ProfileValueUtils - Retrieved ProfileValueSource type [class org.springframework.test.annotation.SystemProfileValueSource] for class [com.todolist.TodoCtrlTest]
18:01:32.428 [main] DEBUG o.s.t.annotation.ProfileValueUtils - Retrieved @ProfileValueSourceConfiguration [null] for test class [com.todolist.TodoCtrlTest]
18:01:32.429 [main] DEBUG o.s.t.annotation.ProfileValueUtils - Retrieved ProfileValueSource type [class org.springframework.test.annotation.SystemProfileValueSource] for class [com.todolist.TodoCtrlTest]
18:01:32.432 [main] DEBUG o.s.t.c.s.AbstractDirtiesContextTestExecutionListener - Before test class: context [DefaultTestContext@46daef40 testClass = TodoCtrlTest, testInstance = [null], testMethod = [null], testException = [null], mergedContextConfiguration = [WebMergedContextConfiguration@12f41634 testClass = TodoCtrlTest, locations = '{}', classes = '{class com.todolist.Application}', contextInitializerClasses = '[]', activeProfiles = '{}', propertySourceLocations = '{}', propertySourceProperties = '{}', resourceBasePath = 'src/main/webapp', contextLoader = 'org.springframework.test.context.web.WebDelegatingSmartContextLoader', parent = [null]]], class annotated with @DirtiesContext [false] with mode [null].
18:01:32.434 [main] DEBUG o.s.t.annotation.ProfileValueUtils - Retrieved @ProfileValueSourceConfiguration [null] for test class [com.todolist.TodoCtrlTest]
18:01:32.434 [main] DEBUG o.s.t.annotation.ProfileValueUtils - Retrieved ProfileValueSource type [class org.springframework.test.annotation.SystemProfileValueSource] for class [com.todolist.TodoCtrlTest]
18:01:32.437 [main] DEBUG o.s.t.c.s.AbstractDelegatingSmartContextLoader - Delegating to AnnotationConfigWebContextLoader to load context from [WebMergedContextConfiguration@12f41634 testClass = TodoCtrlTest, locations = '{}', classes = '{class com.todolist.Application}', contextInitializerClasses = '[]', activeProfiles = '{}', propertySourceLocations = '{}', propertySourceProperties = '{}', resourceBasePath = 'src/main/webapp', contextLoader = 'org.springframework.test.context.web.WebDelegatingSmartContextLoader', parent = [null]].
18:01:32.438 [main] DEBUG o.s.t.c.w.AbstractGenericWebContextLoader - Loading WebApplicationContext for merged context configuration [WebMergedContextConfiguration@12f41634 testClass = TodoCtrlTest, locations = '{}', classes = '{class com.todolist.Application}', contextInitializerClasses = '[]', activeProfiles = '{}', propertySourceLocations = '{}', propertySourceProperties = '{}', resourceBasePath = 'src/main/webapp', contextLoader = 'org.springframework.test.context.web.WebDelegatingSmartContextLoader', parent = [null]].
18:01:32.536 [main] DEBUG o.s.w.c.s.StandardServletEnvironment - Adding [servletConfigInitParams] PropertySource with lowest search precedence
18:01:32.536 [main] DEBUG o.s.w.c.s.StandardServletEnvironment - Adding [servletContextInitParams] PropertySource with lowest search precedence
18:01:32.540 [main] DEBUG o.s.w.c.s.StandardServletEnvironment - Adding [systemProperties] PropertySource with lowest search precedence
18:01:32.541 [main] DEBUG o.s.w.c.s.StandardServletEnvironment - Adding [systemEnvironment] PropertySource with lowest search precedence
18:01:32.541 [main] DEBUG o.s.w.c.s.StandardServletEnvironment - Initialized StandardServletEnvironment with PropertySources [servletConfigInitParams,servletContextInitParams,systemProperties,systemEnvironment]
18:01:32.541 [main] DEBUG o.s.t.c.w.AnnotationConfigWebContextLoader - Registering annotated classes: {class com.todolist.Application}
18:01:32.604 [main] INFO  o.s.w.c.s.GenericWebApplicationContext - Refreshing org.springframework.web.context.support.GenericWebApplicationContext@17d0685f: startup date [Wed May 18 18:01:32 CEST 2016]; root of context hierarchy
18:01:32.608 [main] DEBUG o.s.w.c.s.StandardServletEnvironment - Replacing [servletContextInitParams] PropertySource with [servletContextInitParams]
18:01:32.608 [main] DEBUG o.s.w.c.s.GenericWebApplicationContext - Bean factory for org.springframework.web.context.support.GenericWebApplicationContext@17d0685f: org.springframework.beans.factory.support.DefaultListableBeanFactory@11a9e7c8: defining beans [org.springframework.context.annotation.internalConfigurationAnnotationProcessor,org.springframework.context.annotation.internalAutowiredAnnotationProcessor,org.springframework.context.annotation.internalRequiredAnnotationProcessor,org.springframework.context.annotation.internalCommonAnnotationProcessor,org.springframework.context.event.internalEventListenerProcessor,org.springframework.context.event.internalEventListenerFactory,application]; root of factory hierarchy
18:01:32.621 [main] DEBUG o.s.b.f.s.DefaultListableBeanFactory - Registering scope 'request' with implementation [org.springframework.web.context.request.RequestScope@4313f5bc]
18:01:32.622 [main] DEBUG o.s.b.f.s.DefaultListableBeanFactory - Registering scope 'session' with implementation [org.springframework.web.context.request.SessionScope@2b6faea6]
18:01:32.622 [main] DEBUG o.s.b.f.s.DefaultListableBeanFactory - Registering scope 'globalSession' with implementation [org.springframework.web.context.request.SessionScope@778d1062]
18:01:32.623 [main] DEBUG o.s.b.f.s.DefaultListableBeanFactory - Registering scope 'application' with implementation [org.springframework.web.context.support.ServletContextScope@49c386c8]
18:01:32.627 [main] DEBUG o.s.b.f.s.DefaultListableBeanFactory - Creating shared instance of singleton bean 'org.springframework.context.annotation.internalConfigurationAnnotationProcessor'
18:01:32.627 [main] DEBUG o.s.b.f.s.DefaultListableBeanFactory - Creating instance of bean 'org.springframework.context.annotation.internalConfigurationAnnotationProcessor'
18:01:32.642 [main] DEBUG o.s.b.f.s.DefaultListableBeanFactory - Eagerly caching bean 'org.springframework.context.annotation.internalConfigurationAnnotationProcessor' to allow for resolving potential circular references
18:01:32.644 [main] DEBUG o.s.b.f.s.DefaultListableBeanFactory - Finished creating instance of bean 'org.springframework.context.annotation.internalConfigurationAnnotationProcessor'
18:01:32.671 [main] DEBUG o.s.core.env.StandardEnvironment - Adding [systemProperties] PropertySource with lowest search precedence
18:01:32.673 [main] DEBUG o.s.core.env.StandardEnvironment - Adding [systemEnvironment] PropertySource with lowest search precedence
18:01:32.673 [main] DEBUG o.s.core.env.StandardEnvironment - Initialized StandardEnvironment with PropertySources [systemProperties,systemEnvironment]
18:01:32.679 [main] DEBUG o.s.c.a.ClassPathBeanDefinitionScanner - JSR-250 'javax.annotation.ManagedBean' found and supported for component scanning
18:01:32.685 [main] DEBUG o.s.c.i.s.PathMatchingResourcePatternResolver - Looking for matching resources in directory tree [C:\Users\yedenguele\yves\todo\target\test-classes\com\todolist]
18:01:32.685 [main] DEBUG o.s.c.i.s.PathMatchingResourcePatternResolver - Searching directory [C:\Users\yedenguele\yves\todo\target\test-classes\com\todolist] for files matching pattern [C:/Users/yedenguele/yves/todo/target/test-classes/com/todolist/**/*.class]
18:01:32.690 [main] DEBUG o.s.c.i.s.PathMatchingResourcePatternResolver - Looking for matching resources in directory tree [C:\Users\yedenguele\yves\todo\target\classes\com\todolist]
18:01:32.690 [main] DEBUG o.s.c.i.s.PathMatchingResourcePatternResolver - Searching directory [C:\Users\yedenguele\yves\todo\target\classes\com\todolist] for files matching pattern [C:/Users/yedenguele/yves/todo/target/classes/com/todolist/**/*.class]
18:01:32.691 [main] DEBUG o.s.c.i.s.PathMatchingResourcePatternResolver - Searching directory [C:\Users\yedenguele\yves\todo\target\classes\com\todolist\domain] for files matching pattern [C:/Users/yedenguele/yves/todo/target/classes/com/todolist/**/*.class]
18:01:32.692 [main] DEBUG o.s.c.i.s.PathMatchingResourcePatternResolver - Searching directory [C:\Users\yedenguele\yves\todo\target\classes\com\todolist\repository] for files matching pattern [C:/Users/yedenguele/yves/todo/target/classes/com/todolist/**/*.class]
18:01:32.693 [main] DEBUG o.s.c.i.s.PathMatchingResourcePatternResolver - Searching directory [C:\Users\yedenguele\yves\todo\target\classes\com\todolist\services] for files matching pattern [C:/Users/yedenguele/yves/todo/target/classes/com/todolist/**/*.class]
18:01:32.695 [main] DEBUG o.s.c.i.s.PathMatchingResourcePatternResolver - Resolved location pattern [classpath*:com/todolist/**/*.class] to resources [file [C:\Users\yedenguele\yves\todo\target\test-classes\com\todolist\TestUtilsTest.class], file [C:\Users\yedenguele\yves\todo\target\test-classes\com\todolist\TodoCtrlTest.class], file [C:\Users\yedenguele\yves\todo\target\classes\com\todolist\Application.class], file [C:\Users\yedenguele\yves\todo\target\classes\com\todolist\BiFunctionalExample.class], file [C:\Users\yedenguele\yves\todo\target\classes\com\todolist\domain\Todo.class], file [C:\Users\yedenguele\yves\todo\target\classes\com\todolist\domain\Voiture.class], file [C:\Users\yedenguele\yves\todo\target\classes\com\todolist\repository\TodoRepository.class], file [C:\Users\yedenguele\yves\todo\target\classes\com\todolist\repository\VoitureRepository.class], file [C:\Users\yedenguele\yves\todo\target\classes\com\todolist\services\TodoCtrl.class], file [C:\Users\yedenguele\yves\todo\target\classes\com\todolist\services\VoitCtrl.class], file [C:\Users\yedenguele\yves\todo\target\classes\com\todolist\TodoUtils.class]]
18:01:32.742 [main] DEBUG o.s.c.a.ClassPathBeanDefinitionScanner - Identified candidate component class: file [C:\Users\yedenguele\yves\todo\target\classes\com\todolist\services\TodoCtrl.class]
18:01:32.744 [main] DEBUG o.s.c.a.ClassPathBeanDefinitionScanner - Identified candidate component class: file [C:\Users\yedenguele\yves\todo\target\classes\com\todolist\services\VoitCtrl.class]
18:01:32.780 [main] DEBUG o.s.c.e.PropertySourcesPropertyResolver - Searching for key 'java.runtime.name' in [servletConfigInitParams]
18:01:32.780 [main] DEBUG o.s.c.e.PropertySourcesPropertyResolver - Searching for key 'java.runtime.name' in [servletContextInitParams]
18:01:32.781 [main] DEBUG o.s.c.e.PropertySourcesPropertyResolver - Searching for key 'java.runtime.name' in [systemProperties]
18:01:32.781 [main] DEBUG o.s.c.e.PropertySourcesPropertyResolver - Found key 'java.runtime.name' in [systemProperties] with type [String] and value 'Java(TM) SE Runtime Environment'
18:01:32.783 [main] DEBUG o.s.c.e.PropertySourcesPropertyResolver - Searching for key 'sun.boot.library.path' in [servletConfigInitParams]
18:01:32.784 [main] DEBUG o.s.c.e.PropertySourcesPropertyResolver - Searching for key 'sun.boot.library.path' in [servletContextInitParams]
18:01:32.784 [main] DEBUG o.s.c.e.PropertySourcesPropertyResolver - Searching for key 'sun.boot.library.path' in [systemProperties]
18:01:32.785 [main] DEBUG o.s.c.e.PropertySourcesPropertyResolver - Found key 'sun.boot.library.path' in [systemProperties] with type [String] and value 'C:\Program Files\Java\jdk1.8.0_92\jre\bin'
18:01:32.785 [main] DEBUG o.s.c.e.PropertySourcesPropertyResolver - Searching for key 'java.vm.version' in [servletConfigInitParams]
18:01:32.786 [main] DEBUG o.s.c.e.PropertySourcesPropertyResolver - Searching for key 'java.vm.version' in [servletContextInitParams]
18:01:32.787 [main] DEBUG o.s.c.e.PropertySourcesPropertyResolver - Searching for key 'java.vm.version' in [systemProperties]
18:01:32.787 [main] DEBUG o.s.c.e.PropertySourcesPropertyResolver - Found key 'java.vm.version' in [systemProperties] with type [String] and value '25.92-b14'
18:01:32.789 [main] DEBUG o.s.c.e.PropertySourcesPropertyResolver - Searching for key 'java.vm.vendor' in [servletConfigInitParams]
18:01:32.789 [main] DEBUG o.s.c.e.PropertySourcesPropertyResolver - Searching for key 'java.vm.vendor' in [servletContextInitParams]
18:01:32.789 [main] DEBUG o.s.c.e.PropertySourcesPropertyResolver - Searching for key 'java.vm.vendor' in [systemProperties]
18:01:32.789 [main] DEBUG o.s.c.e.PropertySourcesPropertyResolver - Found key 'java.vm.vendor' in [systemProperties] with type [String] and value 'Oracle Corporation'
18:01:32.790 [main] DEBUG o.s.c.e.PropertySourcesPropertyResolver - Searching for key 'java.vendor.url' in [servletConfigInitParams]
18:01:32.790 [main] DEBUG o.s.c.e.PropertySourcesPropertyResolver - Searching for key 'java.vendor.url' in [servletContextInitParams]
18:01:32.790 [main] DEBUG o.s.c.e.PropertySourcesPropertyResolver - Searching for key 'java.vendor.url' in [systemProperties]
18:01:32.790 [main] DEBUG o.s.c.e.PropertySourcesPropertyResolver - Found key 'java.vendor.url' in [systemProperties] with type [String] and value 'http://java.oracle.com/'
18:01:32.791 [main] DEBUG o.s.c.e.PropertySourcesPropertyResolver - Searching for key 'path.separator' in [servletConfigInitParams]
18:01:32.791 [main] DEBUG o.s.c.e.PropertySourcesPropertyResolver - Searching for key 'path.separator' in [servletContextInitParams]
18:01:32.791 [main] DEBUG o.s.c.e.PropertySourcesPropertyResolver - Searching for key 'path.separator' in [systemProperties]
18:01:32.792 [main] DEBUG o.s.c.e.PropertySourcesPropertyResolver - Found key 'path.separator' in [systemProperties] with type [String] and value ';'
18:01:32.792 [main] DEBUG o.s.c.e.PropertySourcesPropertyResolver - Searching for key 'java.vm.name' in [servletConfigInitParams]
18:01:32.792 [main] DEBUG o.s.c.e.PropertySourcesPropertyResolver - Searching for key 'java.vm.name' in [servletContextInitParams]
18:01:32.792 [main] DEBUG o.s.c.e.PropertySourcesPropertyResolver - Searching for key 'java.vm.name' in [systemProperties]
18:01:32.793 [main] DEBUG o.s.c.e.PropertySourcesPropertyResolver - Found key 'java.vm.name' in [systemProperties] with type [String] and value 'Java HotSpot(TM) 64-Bit Server VM'
18:01:32.793 [main] DEBUG o.s.c.e.PropertySourcesPropertyResolver - Searching for key 'file.encoding.pkg' in [servletConfigInitParams]
18:01:32.793 [main] DEBUG o.s.c.e.PropertySourcesPropertyResolver - Searching for key 'file.encoding.pkg' in [servletContextInitParams]
18:01:32.793 [main] DEBUG o.s.c.e.PropertySourcesPropertyResolver - Searching for key 'file.encoding.pkg' in [systemProperties]
18:01:32.794 [main] DEBUG o.s.c.e.PropertySourcesPropertyResolver - Found key 'file.encoding.pkg' in [systemProperties] with type [String] and value 'sun.io'
18:01:32.794 [main] DEBUG o.s.c.e.PropertySourcesPropertyResolver - Searching for key 'user.country' in [servletConfigInitParams]
18:01:32.795 [main] DEBUG o.s.c.e.PropertySourcesPropertyResolver - Searching for key 'user.country' in [servletContextInitParams]
18:01:32.796 [main] DEBUG o.s.c.e.PropertySourcesPropertyResolver - Searching for key 'user.country' in [systemProperties]
18:01:32.796 [main] DEBUG o.s.c.e.PropertySourcesPropertyResolver - Found key 'user.country' in [systemProperties] with type [String] and value 'FR'
18:01:32.796 [main] DEBUG o.s.c.e.PropertySourcesPropertyResolver - Searching for key 'user.script' in [servletConfigInitParams]
18:01:32.797 [main] DEBUG o.s.c.e.PropertySourcesPropertyResolver - Searching for key 'user.script' in [servletContextInitParams]
18:01:32.797 [main] DEBUG o.s.c.e.PropertySourcesPropertyResolver - Searching for key 'user.script' in [systemProperties]
18:01:32.797 [main] DEBUG o.s.c.e.PropertySourcesPropertyResolver - Found key 'user.script' in [systemProperties] with type [String] and value ''
18:01:32.798 [main] DEBUG o.s.c.e.PropertySourcesPropertyResolver - Searching for key 'sun.java.launcher' in [servletConfigInitParams]
18:01:32.798 [main] DEBUG o.s.c.e.PropertySourcesPropertyResolver - Searching for key 'sun.java.launcher' in [servletContextInitParams]
18:01:32.798 [main] DEBUG o.s.c.e.PropertySourcesPropertyResolver - Searching for key 'sun.java.launcher' in [systemProperties]
18:01:32.798 [main] DEBUG o.s.c.e.PropertySourcesPropertyResolver - Found key 'sun.java.launcher' in [systemProperties] with type [String] and value 'SUN_STANDARD'
18:01:32.799 [main] DEBUG o.s.c.e.PropertySourcesPropertyResolver - Searching for key 'sun.os.patch.level' in [servletConfigInitParams]
18:01:32.799 [main] DEBUG o.s.c.e.PropertySourcesPropertyResolver - Searching for key 'sun.os.patch.level' in [servletContextInitParams]
18:01:32.799 [main] DEBUG o.s.c.e.PropertySourcesPropertyResolver - Searching for key 'sun.os.patch.level' in [systemProperties]
18:01:32.799 [main] DEBUG o.s.c.e.PropertySourcesPropertyResolver - Found key 'sun.os.patch.level' in [systemProperties] with type [String] and value ''
18:01:32.800 [main] DEBUG o.s.c.e.PropertySourcesPropertyResolver - Searching for key 'test' in [servletConfigInitParams]
18:01:32.807 [main] DEBUG o.s.c.e.PropertySourcesPropertyResolver - Searching for key 'test' in [servletContextInitParams]
18:01:32.807 [main] DEBUG o.s.c.e.PropertySourcesPropertyResolver - Searching for key 'test' in [systemProperties]
18:01:32.808 [main] DEBUG o.s.c.e.PropertySourcesPropertyResolver - Found key 'test' in [systemProperties] with type [String] and value 'com.todolist.TodoCtrlTest'
18:01:32.808 [main] DEBUG o.s.c.e.PropertySourcesPropertyResolver - Searching for key 'java.vm.specification.name' in [servletConfigInitParams]
18:01:32.808 [main] DEBUG o.s.c.e.PropertySourcesPropertyResolver - Searching for key 'java.vm.specification.name' in [servletContextInitParams]
18:01:32.808 [main] DEBUG o.s.c.e.PropertySourcesPropertyResolver - Searching for key 'java.vm.specification.name' in [systemProperties]
18:01:32.810 [main] DEBUG o.s.c.e.PropertySourcesPropertyResolver - Found key 'java.vm.specification.name' in [systemProperties] with type [String] and value 'Java Virtual Machine Specification'
18:01:32.811 [main] DEBUG o.s.c.e.PropertySourcesPropertyResolver - Searching for key 'user.dir' in [servletConfigInitParams]
18:01:32.811 [main] DEBUG o.s.c.e.PropertySourcesPropertyResolver - Searching for key 'user.dir' in [servletContextInitParams]
18:01:32.811 [main] DEBUG o.s.c.e.PropertySourcesPropertyResolver - Searching for key 'user.dir' in [systemProperties]
18:01:32.811 [main] DEBUG o.s.c.e.PropertySourcesPropertyResolver - Found key 'user.dir' in [systemProperties] with type [String] and value 'C:\Users\yedenguele\yves\todo'
18:01:32.812 [main] DEBUG o.s.c.e.PropertySourcesPropertyResolver - Searching for key 'java.runtime.version' in [servletConfigInitParams]
18:01:32.813 [main] DEBUG o.s.c.e.PropertySourcesPropertyResolver - Searching for key 'java.runtime.version' in [servletContextInitParams]
18:01:32.813 [main] DEBUG o.s.c.e.PropertySourcesPropertyResolver - Searching for key 'java.runtime.version' in [systemProperties]
18:01:32.813 [main] DEBUG o.s.c.e.PropertySourcesPropertyResolver - Found key 'java.runtime.version' in [systemProperties] with type [String] and value '1.8.0_92-b14'
18:01:32.814 [main] DEBUG o.s.c.e.PropertySourcesPropertyResolver - Searching for key 'basedir' in [servletConfigInitParams]
18:01:32.814 [main] DEBUG o.s.c.e.PropertySourcesPropertyResolver - Searching for key 'basedir' in [servletContextInitParams]
18:01:32.815 [main] DEBUG o.s.c.e.PropertySourcesPropertyResolver - Searching for key 'basedir' in [systemProperties]
18:01:32.816 [main] DEBUG o.s.c.e.PropertySourcesPropertyResolver - Found key 'basedir' in [systemProperties] with type [String] and value 'C:\Users\yedenguele\yves\todo'
18:01:32.818 [main] DEBUG o.s.c.e.PropertySourcesPropertyResolver - Searching for key 'java.awt.graphicsenv' in [servletConfigInitParams]
18:01:32.819 [main] DEBUG o.s.c.e.PropertySourcesPropertyResolver - Searching for key 'java.awt.graphicsenv' in [servletContextInitParams]
18:01:32.819 [main] DEBUG o.s.c.e.PropertySourcesPropertyResolver - Searching for key 'java.awt.graphicsenv' in [systemProperties]
18:01:32.819 [main] DEBUG o.s.c.e.PropertySourcesPropertyResolver - Found key 'java.awt.graphicsenv' in [systemProperties] with type [String] and value 'sun.awt.Win32GraphicsEnvironment'
18:01:32.820 [main] DEBUG o.s.c.e.PropertySourcesPropertyResolver - Searching for key 'java.endorsed.dirs' in [servletConfigInitParams]
18:01:32.820 [main] DEBUG o.s.c.e.PropertySourcesPropertyResolver - Searching for key 'java.endorsed.dirs' in [servletContextInitParams]
18:01:32.820 [main] DEBUG o.s.c.e.PropertySourcesPropertyResolver - Searching for key 'java.endorsed.dirs' in [systemProperties]
18:01:32.821 [main] DEBUG o.s.c.e.PropertySourcesPropertyResolver - Found key 'java.endorsed.dirs' in [systemProperties] with type [String] and value 'C:\Program Files\Java\jdk1.8.0_92\jre\lib\endorsed'
18:01:32.821 [main] DEBUG o.s.c.e.PropertySourcesPropertyResolver - Searching for key 'os.arch' in [servletConfigInitParams]
18:01:32.821 [main] DEBUG o.s.c.e.PropertySourcesPropertyResolver - Searching for key 'os.arch' in [servletContextInitParams]
18:01:32.821 [main] DEBUG o.s.c.e.PropertySourcesPropertyResolver - Searching for key 'os.arch' in [systemProperties]
18:01:32.822 [main] DEBUG o.s.c.e.PropertySourcesPropertyResolver - Found key 'os.arch' in [systemProperties] with type [String] and value 'amd64'
18:01:32.822 [main] DEBUG o.s.c.e.PropertySourcesPropertyResolver - Searching for key 'surefire.real.class.path' in [servletConfigInitParams]
18:01:32.822 [main] DEBUG o.s.c.e.PropertySourcesPropertyResolver - Searching for key 'surefire.real.class.path' in [servletContextInitParams]
18:01:32.822 [main] DEBUG o.s.c.e.PropertySourcesPropertyResolver - Searching for key 'surefire.real.class.path' in [systemProperties]
18:01:32.822 [main] DEBUG o.s.c.e.PropertySourcesPropertyResolver - Found key 'surefire.real.class.path' in [systemProperties] with type [String] and value 'C:\Users\yedenguele\yves\todo\target\surefire\surefirebooter9184103422152208635.jar'
18:01:32.823 [main] DEBUG o.s.c.e.PropertySourcesPropertyResolver - Searching for key 'java.io.tmpdir' in [servletConfigInitParams]
18:01:32.823 [main] DEBUG o.s.c.e.PropertySourcesPropertyResolver - Searching for key 'java.io.tmpdir' in [servletContextInitParams]
18:01:32.823 [main] DEBUG o.s.c.e.PropertySourcesPropertyResolver - Searching for key 'java.io.tmpdir' in [systemProperties]
18:01:32.823 [main] DEBUG o.s.c.e.PropertySourcesPropertyResolver - Found key 'java.io.tmpdir' in [systemProperties] with type [String] and value 'C:\Users\YEDENG~1\AppData\Local\Temp\'
18:01:32.823 [main] DEBUG o.s.c.e.PropertySourcesPropertyResolver - Searching for key 'line.separator' in [servletConfigInitParams]
18:01:32.823 [main] DEBUG o.s.c.e.PropertySourcesPropertyResolver - Searching for key 'line.separator' in [servletContextInitParams]
18:01:32.824 [main] DEBUG o.s.c.e.PropertySourcesPropertyResolver - Searching for key 'line.separator' in [systemProperties]
18:01:32.824 [main] DEBUG o.s.c.e.PropertySourcesPropertyResolver - Found key 'line.separator' in [systemProperties] with type [String] and value '
'
18:01:32.824 [main] DEBUG o.s.c.e.PropertySourcesPropertyResolver - Searching for key 'java.vm.specification.vendor' in [servletConfigInitParams]
18:01:32.824 [main] DEBUG o.s.c.e.PropertySourcesPropertyResolver - Searching for key 'java.vm.specification.vendor' in [servletContextInitParams]
18:01:32.824 [main] DEBUG o.s.c.e.PropertySourcesPropertyResolver - Searching for key 'java.vm.specification.vendor' in [systemProperties]
18:01:32.825 [main] DEBUG o.s.c.e.PropertySourcesPropertyResolver - Found key 'java.vm.specification.vendor' in [systemProperties] with type [String] and value 'Oracle Corporation'
18:01:32.825 [main] DEBUG o.s.c.e.PropertySourcesPropertyResolver - Searching for key 'user.variant' in [servletConfigInitParams]
18:01:32.825 [main] DEBUG o.s.c.e.PropertySourcesPropertyResolver - Searching for key 'user.variant' in [servletContextInitParams]
18:01:32.825 [main] DEBUG o.s.c.e.PropertySourcesPropertyResolver - Searching for key 'user.variant' in [systemProperties]
18:01:32.825 [main] DEBUG o.s.c.e.PropertySourcesPropertyResolver - Found key 'user.variant' in [systemProperties] with type [String] and value ''
18:01:32.825 [main] DEBUG o.s.c.e.PropertySourcesPropertyResolver - Searching for key 'os.name' in [servletConfigInitParams]
18:01:32.825 [main] DEBUG o.s.c.e.PropertySourcesPropertyResolver - Searching for key 'os.name' in [servletContextInitParams]
18:01:32.826 [main] DEBUG o.s.c.e.PropertySourcesPropertyResolver - Searching for key 'os.name' in [systemProperties]
18:01:32.826 [main] DEBUG o.s.c.e.PropertySourcesPropertyResolver - Found key 'os.name' in [systemProperties] with type [String] and value 'Windows 10'
18:01:32.826 [main] DEBUG o.s.c.e.PropertySourcesPropertyResolver - Searching for key 'maven.ext.class.path' in [servletConfigInitParams]
18:01:32.826 [main] DEBUG o.s.c.e.PropertySourcesPropertyResolver - Searching for key 'maven.ext.class.path' in [servletContextInitParams]
18:01:32.826 [main] DEBUG o.s.c.e.PropertySourcesPropertyResolver - Searching for key 'maven.ext.class.path' in [systemProperties]
18:01:32.826 [main] DEBUG o.s.c.e.PropertySourcesPropertyResolver - Found key 'maven.ext.class.path' in [systemProperties] with type [String] and value 'C:\Program Files\NetBeans 8.1\java\maven-nblib\netbeans-eventspy.jar'
18:01:32.827 [main] DEBUG o.s.c.e.PropertySourcesPropertyResolver - Searching for key 'sun.jnu.encoding' in [servletConfigInitParams]
18:01:32.827 [main] DEBUG o.s.c.e.PropertySourcesPropertyResolver - Searching for key 'sun.jnu.encoding' in [servletContextInitParams]
18:01:32.828 [main] DEBUG o.s.c.e.PropertySourcesPropertyResolver - Searching for key 'sun.jnu.encoding' in [systemProperties]
18:01:32.828 [main] DEBUG o.s.c.e.PropertySourcesPropertyResolver - Found key 'sun.jnu.encoding' in [systemProperties] with type [String] and value 'Cp1252'
18:01:32.828 [main] DEBUG o.s.c.e.PropertySourcesPropertyResolver - Searching for key 'java.library.path' in [servletConfigInitParams]
18:01:32.829 [main] DEBUG o.s.c.e.PropertySourcesPropertyResolver - Searching for key 'java.library.path' in [servletContextInitParams]
18:01:32.829 [main] DEBUG o.s.c.e.PropertySourcesPropertyResolver - Searching for key 'java.library.path' in [systemProperties]
18:01:32.829 [main] DEBUG o.s.c.e.PropertySourcesPropertyResolver - Found key 'java.library.path' in [systemProperties] with type [String] and value 'C:\Program Files\Java\jdk1.8.0_92\jre\bin;C:\Windows\Sun\Java\bin;C:\Windows\system32;C:\Windows;C:\Program Files (x86)\Intel\iCLS Client\;C:\Program Files\Intel\iCLS Client\;C:\Windows\system32;C:\Windows;C:\Windows\System32\Wbem;C:\Windows\System32\WindowsPowerShell\v1.0\;C:\Program Files (x86)\Intel\Intel(R) Management Engine Components\DAL;C:\Program Files\Intel\Intel(R) Management Engine Components\DAL;C:\Program Files (x86)\Intel\Intel(R) Management Engine Components\IPT;C:\Program Files\Intel\Intel(R) Management Engine Components\IPT;C:\Program Files\Intel\WiFi\bin\;C:\Program Files\Common Files\Intel\WirelessCommon\;C:\gradle-2.12\bin;%JAVA_HOME%\bin;C:\Program Files\nodejs\;C:\apache-maven-3.3.9\bin;C:\Program Files\Git\bin;C:\Users\yedenguele\mongodb\bin;C:\Program Files (x86)\Skype\Phone\;C:\Users\yedenguele\spring-1.3.3.RELEASE\bin;C:\Users\yedenguele\AppData\Roaming\npm;.'
18:01:32.829 [main] DEBUG o.s.c.e.PropertySourcesPropertyResolver - Searching for key 'surefire.test.class.path' in [servletConfigInitParams]
18:01:32.829 [main] DEBUG o.s.c.e.PropertySourcesPropertyResolver - Searching for key 'surefire.test.class.path' in [servletContextInitParams]
18:01:32.829 [main] DEBUG o.s.c.e.PropertySourcesPropertyResolver - Searching for key 'surefire.test.class.path' in [systemProperties]
18:01:32.829 [main] DEBUG o.s.c.e.PropertySourcesPropertyResolver - Found key 'surefire.test.class.path' in [systemProperties] with type [String] and value 'C:\Users\yedenguele\yves\todo\target\test-classes;C:\Users\yedenguele\yves\todo\target\classes;C:\Users\yedenguele\.m2\repository\org\springframework\boot\spring-boot-starter-data-mongodb\1.3.2.RELEASE\spring-boot-starter-data-mongodb-1.3.2.RELEASE.jar;C:\Users\yedenguele\.m2\repository\org\springframework\boot\spring-boot-starter\1.3.2.RELEASE\spring-boot-starter-1.3.2.RELEASE.jar;C:\Users\yedenguele\.m2\repository\org\springframework\boot\spring-boot\1.3.2.RELEASE\spring-boot-1.3.2.RELEASE.jar;C:\Users\yedenguele\.m2\repository\org\springframework\boot\spring-boot-autoconfigure\1.3.2.RELEASE\spring-boot-autoconfigure-1.3.2.RELEASE.jar;C:\Users\yedenguele\.m2\repository\org\springframework\boot\spring-boot-starter-logging\1.3.2.RELEASE\spring-boot-starter-logging-1.3.2.RELEASE.jar;C:\Users\yedenguele\.m2\repository\ch\qos\logback\logback-classic\1.1.3\logback-classic-1.1.3.jar;C:\Users\yedenguele\.m2\repository\ch\qos\logback\logback-core\1.1.3\logback-core-1.1.3.jar;C:\Users\yedenguele\.m2\repository\org\slf4j\jul-to-slf4j\1.7.13\jul-to-slf4j-1.7.13.jar;C:\Users\yedenguele\.m2\repository\org\slf4j\log4j-over-slf4j\1.7.13\log4j-over-slf4j-1.7.13.jar;C:\Users\yedenguele\.m2\repository\org\yaml\snakeyaml\1.16\snakeyaml-1.16.jar;C:\Users\yedenguele\.m2\repository\org\springframework\data\spring-data-mongodb\1.8.2.RELEASE\spring-data-mongodb-1.8.2.RELEASE.jar;C:\Users\yedenguele\.m2\repository\org\springframework\spring-tx\4.2.4.RELEASE\spring-tx-4.2.4.RELEASE.jar;C:\Users\yedenguele\.m2\repository\org\springframework\spring-beans\4.2.4.RELEASE\spring-beans-4.2.4.RELEASE.jar;C:\Users\yedenguele\.m2\repository\org\springframework\spring-expression\4.2.4.RELEASE\spring-expression-4.2.4.RELEASE.jar;C:\Users\yedenguele\.m2\repository\org\springframework\data\spring-data-commons\1.11.2.RELEASE\spring-data-commons-1.11.2.RELEASE.jar;C:\Users\yedenguele\.m2\repository\org\slf4j\slf4j-api\1.7.13\slf4j-api-1.7.13.jar;C:\Users\yedenguele\.m2\repository\org\slf4j\jcl-over-slf4j\1.7.13\jcl-over-slf4j-1.7.13.jar;C:\Users\yedenguele\.m2\repository\org\hamcrest\hamcrest-all\1.3\hamcrest-all-1.3.jar;C:\Users\yedenguele\.m2\repository\junit\junit\4.12\junit-4.12.jar;C:\Users\yedenguele\.m2\repository\org\springframework\boot\spring-boot-starter-test\1.3.2.RELEASE\spring-boot-starter-test-1.3.2.RELEASE.jar;C:\Users\yedenguele\.m2\repository\org\mockito\mockito-core\1.10.19\mockito-core-1.10.19.jar;C:\Users\yedenguele\.m2\repository\org\objenesis\objenesis\2.1\objenesis-2.1.jar;C:\Users\yedenguele\.m2\repository\org\hamcrest\hamcrest-core\1.3\hamcrest-core-1.3.jar;C:\Users\yedenguele\.m2\repository\org\hamcrest\hamcrest-library\1.3\hamcrest-library-1.3.jar;C:\Users\yedenguele\.m2\repository\org\springframework\spring-core\4.2.4.RELEASE\spring-core-4.2.4.RELEASE.jar;C:\Users\yedenguele\.m2\repository\org\springframework\spring-test\4.2.4.RELEASE\spring-test-4.2.4.RELEASE.jar;C:\Users\yedenguele\.m2\repository\org\mongodb\mongo-java-driver\2.13.3\mongo-java-driver-2.13.3.jar;C:\Users\yedenguele\.m2\repository\org\eclipse\persistence\eclipselink\2.5.2\eclipselink-2.5.2.jar;C:\Users\yedenguele\.m2\repository\org\eclipse\persistence\javax.persistence\2.1.0\javax.persistence-2.1.0.jar;C:\Users\yedenguele\.m2\repository\org\eclipse\persistence\commonj.sdo\2.1.1\commonj.sdo-2.1.1.jar;C:\Users\yedenguele\.m2\repository\org\eclipse\persistence\org.eclipse.persistence.jpa.modelgen.processor\2.5.2\org.eclipse.persistence.jpa.modelgen.processor-2.5.2.jar;C:\Users\yedenguele\.m2\repository\org\eclipse\persistence\org.eclipse.persistence.core\2.5.2\org.eclipse.persistence.core-2.5.2.jar;C:\Users\yedenguele\.m2\repository\org\eclipse\persistence\org.eclipse.persistence.asm\2.5.2\org.eclipse.persistence.asm-2.5.2.jar;C:\Users\yedenguele\.m2\repository\org\eclipse\persistence\org.eclipse.persistence.jpa\2.5.2\org.eclipse.persistence.jpa-2.5.2.jar;C:\Users\yedenguele\.m2\repository\org\eclipse\persistence\org.eclipse.persistence.antlr\2.5.2\org.eclipse.persistence.antlr-2.5.2.jar;C:\Users\yedenguele\.m2\repository\org\eclipse\persistence\org.eclipse.persistence.jpa.jpql\2.5.2\org.eclipse.persistence.jpa.jpql-2.5.2.jar;C:\Users\yedenguele\.m2\repository\org\springframework\boot\spring-boot-starter-web\1.3.2.RELEASE\spring-boot-starter-web-1.3.2.RELEASE.jar;C:\Users\yedenguele\.m2\repository\org\springframework\boot\spring-boot-starter-tomcat\1.3.2.RELEASE\spring-boot-starter-tomcat-1.3.2.RELEASE.jar;C:\Users\yedenguele\.m2\repository\org\apache\tomcat\embed\tomcat-embed-core\8.0.30\tomcat-embed-core-8.0.30.jar;C:\Users\yedenguele\.m2\repository\org\apache\tomcat\embed\tomcat-embed-el\8.0.30\tomcat-embed-el-8.0.30.jar;C:\Users\yedenguele\.m2\repository\org\apache\tomcat\embed\tomcat-embed-logging-juli\8.0.30\tomcat-embed-logging-juli-8.0.30.jar;C:\Users\yedenguele\.m2\repository\org\apache\tomcat\embed\tomcat-embed-websocket\8.0.30\tomcat-embed-websocket-8.0.30.jar;C:\Users\yedenguele\.m2\repository\org\springframework\boot\spring-boot-starter-validation\1.3.2.RELEASE\spring-boot-starter-validation-1.3.2.RELEASE.jar;C:\Users\yedenguele\.m2\repository\org\hibernate\hibernate-validator\5.2.2.Final\hibernate-validator-5.2.2.Final.jar;C:\Users\yedenguele\.m2\repository\javax\validation\validation-api\1.1.0.Final\validation-api-1.1.0.Final.jar;C:\Users\yedenguele\.m2\repository\org\jboss\logging\jboss-logging\3.3.0.Final\jboss-logging-3.3.0.Final.jar;C:\Users\yedenguele\.m2\repository\com\fasterxml\classmate\1.1.0\classmate-1.1.0.jar;C:\Users\yedenguele\.m2\repository\com\fasterxml\jackson\core\jackson-databind\2.6.5\jackson-databind-2.6.5.jar;C:\Users\yedenguele\.m2\repository\com\fasterxml\jackson\core\jackson-annotations\2.6.5\jackson-annotations-2.6.5.jar;C:\Users\yedenguele\.m2\repository\com\fasterxml\jackson\core\jackson-core\2.6.5\jackson-core-2.6.5.jar;C:\Users\yedenguele\.m2\repository\org\springframework\spring-web\4.2.4.RELEASE\spring-web-4.2.4.RELEASE.jar;C:\Users\yedenguele\.m2\repository\org\springframework\spring-aop\4.2.4.RELEASE\spring-aop-4.2.4.RELEASE.jar;C:\Users\yedenguele\.m2\repository\aopalliance\aopalliance\1.0\aopalliance-1.0.jar;C:\Users\yedenguele\.m2\repository\org\springframework\spring-webmvc\4.2.4.RELEASE\spring-webmvc-4.2.4.RELEASE.jar;C:\Users\yedenguele\.m2\repository\org\springframework\spring-test-mvc\1.0.0.M2\spring-test-mvc-1.0.0.M2.jar;C:\Users\yedenguele\.m2\repository\org\springframework\spring-context\4.2.4.RELEASE\spring-context-4.2.4.RELEASE.jar;C:\Users\yedenguele\.m2\repository\co\paralleluniverse\comsat-jetty-loader\0.3.0\comsat-jetty-loader-0.3.0.jar;C:\Users\yedenguele\.m2\repository\com\google\guava\guava\18.0\guava-18.0.jar;C:\Users\yedenguele\.m2\repository\org\eclipse\jetty\jetty-webapp\9.2.14.v20151106\jetty-webapp-9.2.14.v20151106.jar;C:\Users\yedenguele\.m2\repository\org\eclipse\jetty\jetty-xml\9.2.14.v20151106\jetty-xml-9.2.14.v20151106.jar;C:\Users\yedenguele\.m2\repository\org\eclipse\jetty\jetty-util\9.2.14.v20151106\jetty-util-9.2.14.v20151106.jar;C:\Users\yedenguele\.m2\repository\org\eclipse\jetty\jetty-servlet\9.2.14.v20151106\jetty-servlet-9.2.14.v20151106.jar;C:\Users\yedenguele\.m2\repository\org\eclipse\jetty\jetty-security\9.2.14.v20151106\jetty-security-9.2.14.v20151106.jar;C:\Users\yedenguele\.m2\repository\org\eclipse\jetty\jetty-server\9.2.14.v20151106\jetty-server-9.2.14.v20151106.jar;C:\Users\yedenguele\.m2\repository\javax\servlet\javax.servlet-api\3.1.0\javax.servlet-api-3.1.0.jar;C:\Users\yedenguele\.m2\repository\org\eclipse\jetty\jetty-http\9.2.14.v20151106\jetty-http-9.2.14.v20151106.jar;C:\Users\yedenguele\.m2\repository\org\eclipse\jetty\jetty-io\9.2.14.v20151106\jetty-io-9.2.14.v20151106.jar;'
18:01:32.830 [main] DEBUG o.s.c.e.PropertySourcesPropertyResolver - Searching for key 'java.specification.name' in [servletConfigInitParams]
18:01:32.830 [main] DEBUG o.s.c.e.PropertySourcesPropertyResolver - Searching for key 'java.specification.name' in [servletContextInitParams]
18:01:32.830 [main] DEBUG o.s.c.e.PropertySourcesPropertyResolver - Searching for key 'java.specification.name' in [systemProperties]
18:01:32.830 [main] DEBUG o.s.c.e.PropertySourcesPropertyResolver - Found key 'java.specification.name' in [systemProperties] with type [String] and value 'Java Platform API Specification'
18:01:32.830 [main] DEBUG o.s.c.e.PropertySourcesPropertyResolver - Searching for key 'java.class.version' in [servletConfigInitParams]
18:01:32.830 [main] DEBUG o.s.c.e.PropertySourcesPropertyResolver - Searching for key 'java.class.version' in [servletContextInitParams]
18:01:32.830 [main] DEBUG o.s.c.e.PropertySourcesPropertyResolver - Searching for key 'java.class.version' in [systemProperties]
18:01:32.830 [main] DEBUG o.s.c.e.PropertySourcesPropertyResolver - Found key 'java.class.version' in [systemProperties] with type [String] and value '52.0'
18:01:32.831 [main] DEBUG o.s.c.e.PropertySourcesPropertyResolver - Searching for key 'sun.management.compiler' in [servletConfigInitParams]
18:01:32.831 [main] DEBUG o.s.c.e.PropertySourcesPropertyResolver - Searching for key 'sun.management.compiler' in [servletContextInitParams]
18:01:32.831 [main] DEBUG o.s.c.e.PropertySourcesPropertyResolver - Searching for key 'sun.management.compiler' in [systemProperties]
18:01:32.831 [main] DEBUG o.s.c.e.PropertySourcesPropertyResolver - Found key 'sun.management.compiler' in [systemProperties] with type [String] and value 'HotSpot 64-Bit Tiered Compilers'
18:01:32.831 [main] DEBUG o.s.c.e.PropertySourcesPropertyResolver - Searching for key 'os.version' in [servletConfigInitParams]
18:01:32.831 [main] DEBUG o.s.c.e.PropertySourcesPropertyResolver - Searching for key 'os.version' in [servletContextInitParams]
18:01:32.831 [main] DEBUG o.s.c.e.PropertySourcesPropertyResolver - Searching for key 'os.version' in [systemProperties]
18:01:32.831 [main] DEBUG o.s.c.e.PropertySourcesPropertyResolver - Found key 'os.version' in [systemProperties] with type [String] and value '10.0'
18:01:32.831 [main] DEBUG o.s.c.e.PropertySourcesPropertyResolver - Searching for key 'user.home' in [servletConfigInitParams]
18:01:32.831 [main] DEBUG o.s.c.e.PropertySourcesPropertyResolver - Searching for key 'user.home' in [servletContextInitParams]
18:01:32.832 [main] DEBUG o.s.c.e.PropertySourcesPropertyResolver - Searching for key 'user.home' in [systemProperties]
18:01:32.832 [main] DEBUG o.s.c.e.PropertySourcesPropertyResolver - Found key 'user.home' in [systemProperties] with type [String] and value 'C:\Users\yedenguele'
18:01:32.832 [main] DEBUG o.s.c.e.PropertySourcesPropertyResolver - Searching for key 'user.timezone' in [servletConfigInitParams]
18:01:32.832 [main] DEBUG o.s.c.e.PropertySourcesPropertyResolver - Searching for key 'user.timezone' in [servletContextInitParams]
18:01:32.832 [main] DEBUG o.s.c.e.PropertySourcesPropertyResolver - Searching for key 'user.timezone' in [systemProperties]
18:01:32.832 [main] DEBUG o.s.c.e.PropertySourcesPropertyResolver - Found key 'user.timezone' in [systemProperties] with type [String] and value 'Europe/Paris'
18:01:32.832 [main] DEBUG o.s.c.e.PropertySourcesPropertyResolver - Searching for key 'java.awt.printerjob' in [servletConfigInitParams]
18:01:32.832 [main] DEBUG o.s.c.e.PropertySourcesPropertyResolver - Searching for key 'java.awt.printerjob' in [servletContextInitParams]
18:01:32.832 [main] DEBUG o.s.c.e.PropertySourcesPropertyResolver - Searching for key 'java.awt.printerjob' in [systemProperties]
18:01:32.832 [main] DEBUG o.s.c.e.PropertySourcesPropertyResolver - Found key 'java.awt.printerjob' in [systemProperties] with type [String] and value 'sun.awt.windows.WPrinterJob'
18:01:32.832 [main] DEBUG o.s.c.e.PropertySourcesPropertyResolver - Searching for key 'file.encoding' in [servletConfigInitParams]
18:01:32.832 [main] DEBUG o.s.c.e.PropertySourcesPropertyResolver - Searching for key 'file.encoding' in [servletContextInitParams]
18:01:32.833 [main] DEBUG o.s.c.e.PropertySourcesPropertyResolver - Searching for key 'file.encoding' in [systemProperties]
18:01:32.833 [main] DEBUG o.s.c.e.PropertySourcesPropertyResolver - Found key 'file.encoding' in [systemProperties] with type [String] and value 'UTF-8'
18:01:32.833 [main] DEBUG o.s.c.e.PropertySourcesPropertyResolver - Searching for key 'java.specification.version' in [servletConfigInitParams]
18:01:32.833 [main] DEBUG o.s.c.e.PropertySourcesPropertyResolver - Searching for key 'java.specification.version' in [servletContextInitParams]
18:01:32.833 [main] DEBUG o.s.c.e.PropertySourcesPropertyResolver - Searching for key 'java.specification.version' in [systemProperties]
18:01:32.833 [main] DEBUG o.s.c.e.PropertySourcesPropertyResolver - Found key 'java.specification.version' in [systemProperties] with type [String] and value '1.8'
18:01:32.833 [main] DEBUG o.s.c.e.PropertySourcesPropertyResolver - Searching for key 'java.class.path' in [servletConfigInitParams]
18:01:32.833 [main] DEBUG o.s.c.e.PropertySourcesPropertyResolver - Searching for key 'java.class.path' in [servletContextInitParams]
18:01:32.833 [main] DEBUG o.s.c.e.PropertySourcesPropertyResolver - Searching for key 'java.class.path' in [systemProperties]
18:01:32.833 [main] DEBUG o.s.c.e.PropertySourcesPropertyResolver - Found key 'java.class.path' in [systemProperties] with type [String] and value 'C:\Users\yedenguele\yves\todo\target\test-classes;C:\Users\yedenguele\yves\todo\target\classes;C:\Users\yedenguele\.m2\repository\org\springframework\boot\spring-boot-starter-data-mongodb\1.3.2.RELEASE\spring-boot-starter-data-mongodb-1.3.2.RELEASE.jar;C:\Users\yedenguele\.m2\repository\org\springframework\boot\spring-boot-starter\1.3.2.RELEASE\spring-boot-starter-1.3.2.RELEASE.jar;C:\Users\yedenguele\.m2\repository\org\springframework\boot\spring-boot\1.3.2.RELEASE\spring-boot-1.3.2.RELEASE.jar;C:\Users\yedenguele\.m2\repository\org\springframework\boot\spring-boot-autoconfigure\1.3.2.RELEASE\spring-boot-autoconfigure-1.3.2.RELEASE.jar;C:\Users\yedenguele\.m2\repository\org\springframework\boot\spring-boot-starter-logging\1.3.2.RELEASE\spring-boot-starter-logging-1.3.2.RELEASE.jar;C:\Users\yedenguele\.m2\repository\ch\qos\logback\logback-classic\1.1.3\logback-classic-1.1.3.jar;C:\Users\yedenguele\.m2\repository\ch\qos\logback\logback-core\1.1.3\logback-core-1.1.3.jar;C:\Users\yedenguele\.m2\repository\org\slf4j\jul-to-slf4j\1.7.13\jul-to-slf4j-1.7.13.jar;C:\Users\yedenguele\.m2\repository\org\slf4j\log4j-over-slf4j\1.7.13\log4j-over-slf4j-1.7.13.jar;C:\Users\yedenguele\.m2\repository\org\yaml\snakeyaml\1.16\snakeyaml-1.16.jar;C:\Users\yedenguele\.m2\repository\org\springframework\data\spring-data-mongodb\1.8.2.RELEASE\spring-data-mongodb-1.8.2.RELEASE.jar;C:\Users\yedenguele\.m2\repository\org\springframework\spring-tx\4.2.4.RELEASE\spring-tx-4.2.4.RELEASE.jar;C:\Users\yedenguele\.m2\repository\org\springframework\spring-beans\4.2.4.RELEASE\spring-beans-4.2.4.RELEASE.jar;C:\Users\yedenguele\.m2\repository\org\springframework\spring-expression\4.2.4.RELEASE\spring-expression-4.2.4.RELEASE.jar;C:\Users\yedenguele\.m2\repository\org\springframework\data\spring-data-commons\1.11.2.RELEASE\spring-data-commons-1.11.2.RELEASE.jar;C:\Users\yedenguele\.m2\repository\org\slf4j\slf4j-api\1.7.13\slf4j-api-1.7.13.jar;C:\Users\yedenguele\.m2\repository\org\slf4j\jcl-over-slf4j\1.7.13\jcl-over-slf4j-1.7.13.jar;C:\Users\yedenguele\.m2\repository\org\hamcrest\hamcrest-all\1.3\hamcrest-all-1.3.jar;C:\Users\yedenguele\.m2\repository\junit\junit\4.12\junit-4.12.jar;C:\Users\yedenguele\.m2\repository\org\springframework\boot\spring-boot-starter-test\1.3.2.RELEASE\spring-boot-starter-test-1.3.2.RELEASE.jar;C:\Users\yedenguele\.m2\repository\org\mockito\mockito-core\1.10.19\mockito-core-1.10.19.jar;C:\Users\yedenguele\.m2\repository\org\objenesis\objenesis\2.1\objenesis-2.1.jar;C:\Users\yedenguele\.m2\repository\org\hamcrest\hamcrest-core\1.3\hamcrest-core-1.3.jar;C:\Users\yedenguele\.m2\repository\org\hamcrest\hamcrest-library\1.3\hamcrest-library-1.3.jar;C:\Users\yedenguele\.m2\repository\org\springframework\spring-core\4.2.4.RELEASE\spring-core-4.2.4.RELEASE.jar;C:\Users\yedenguele\.m2\repository\org\springframework\spring-test\4.2.4.RELEASE\spring-test-4.2.4.RELEASE.jar;C:\Users\yedenguele\.m2\repository\org\mongodb\mongo-java-driver\2.13.3\mongo-java-driver-2.13.3.jar;C:\Users\yedenguele\.m2\repository\org\eclipse\persistence\eclipselink\2.5.2\eclipselink-2.5.2.jar;C:\Users\yedenguele\.m2\repository\org\eclipse\persistence\javax.persistence\2.1.0\javax.persistence-2.1.0.jar;C:\Users\yedenguele\.m2\repository\org\eclipse\persistence\commonj.sdo\2.1.1\commonj.sdo-2.1.1.jar;C:\Users\yedenguele\.m2\repository\org\eclipse\persistence\org.eclipse.persistence.jpa.modelgen.processor\2.5.2\org.eclipse.persistence.jpa.modelgen.processor-2.5.2.jar;C:\Users\yedenguele\.m2\repository\org\eclipse\persistence\org.eclipse.persistence.core\2.5.2\org.eclipse.persistence.core-2.5.2.jar;C:\Users\yedenguele\.m2\repository\org\eclipse\persistence\org.eclipse.persistence.asm\2.5.2\org.eclipse.persistence.asm-2.5.2.jar;C:\Users\yedenguele\.m2\repository\org\eclipse\persistence\org.eclipse.persistence.jpa\2.5.2\org.eclipse.persistence.jpa-2.5.2.jar;C:\Users\yedenguele\.m2\repository\org\eclipse\persistence\org.eclipse.persistence.antlr\2.5.2\org.eclipse.persistence.antlr-2.5.2.jar;C:\Users\yedenguele\.m2\repository\org\eclipse\persistence\org.eclipse.persistence.jpa.jpql\2.5.2\org.eclipse.persistence.jpa.jpql-2.5.2.jar;C:\Users\yedenguele\.m2\repository\org\springframework\boot\spring-boot-starter-web\1.3.2.RELEASE\spring-boot-starter-web-1.3.2.RELEASE.jar;C:\Users\yedenguele\.m2\repository\org\springframework\boot\spring-boot-starter-tomcat\1.3.2.RELEASE\spring-boot-starter-tomcat-1.3.2.RELEASE.jar;C:\Users\yedenguele\.m2\repository\org\apache\tomcat\embed\tomcat-embed-core\8.0.30\tomcat-embed-core-8.0.30.jar;C:\Users\yedenguele\.m2\repository\org\apache\tomcat\embed\tomcat-embed-el\8.0.30\tomcat-embed-el-8.0.30.jar;C:\Users\yedenguele\.m2\repository\org\apache\tomcat\embed\tomcat-embed-logging-juli\8.0.30\tomcat-embed-logging-juli-8.0.30.jar;C:\Users\yedenguele\.m2\repository\org\apache\tomcat\embed\tomcat-embed-websocket\8.0.30\tomcat-embed-websocket-8.0.30.jar;C:\Users\yedenguele\.m2\repository\org\springframework\boot\spring-boot-starter-validation\1.3.2.RELEASE\spring-boot-starter-validation-1.3.2.RELEASE.jar;C:\Users\yedenguele\.m2\repository\org\hibernate\hibernate-validator\5.2.2.Final\hibernate-validator-5.2.2.Final.jar;C:\Users\yedenguele\.m2\repository\javax\validation\validation-api\1.1.0.Final\validation-api-1.1.0.Final.jar;C:\Users\yedenguele\.m2\repository\org\jboss\logging\jboss-logging\3.3.0.Final\jboss-logging-3.3.0.Final.jar;C:\Users\yedenguele\.m2\repository\com\fasterxml\classmate\1.1.0\classmate-1.1.0.jar;C:\Users\yedenguele\.m2\repository\com\fasterxml\jackson\core\jackson-databind\2.6.5\jackson-databind-2.6.5.jar;C:\Users\yedenguele\.m2\repository\com\fasterxml\jackson\core\jackson-annotations\2.6.5\jackson-annotations-2.6.5.jar;C:\Users\yedenguele\.m2\repository\com\fasterxml\jackson\core\jackson-core\2.6.5\jackson-core-2.6.5.jar;C:\Users\yedenguele\.m2\repository\org\springframework\spring-web\4.2.4.RELEASE\spring-web-4.2.4.RELEASE.jar;C:\Users\yedenguele\.m2\repository\org\springframework\spring-aop\4.2.4.RELEASE\spring-aop-4.2.4.RELEASE.jar;C:\Users\yedenguele\.m2\repository\aopalliance\aopalliance\1.0\aopalliance-1.0.jar;C:\Users\yedenguele\.m2\repository\org\springframework\spring-webmvc\4.2.4.RELEASE\spring-webmvc-4.2.4.RELEASE.jar;C:\Users\yedenguele\.m2\repository\org\springframework\spring-test-mvc\1.0.0.M2\spring-test-mvc-1.0.0.M2.jar;C:\Users\yedenguele\.m2\repository\org\springframework\spring-context\4.2.4.RELEASE\spring-context-4.2.4.RELEASE.jar;C:\Users\yedenguele\.m2\repository\co\paralleluniverse\comsat-jetty-loader\0.3.0\comsat-jetty-loader-0.3.0.jar;C:\Users\yedenguele\.m2\repository\com\google\guava\guava\18.0\guava-18.0.jar;C:\Users\yedenguele\.m2\repository\org\eclipse\jetty\jetty-webapp\9.2.14.v20151106\jetty-webapp-9.2.14.v20151106.jar;C:\Users\yedenguele\.m2\repository\org\eclipse\jetty\jetty-xml\9.2.14.v20151106\jetty-xml-9.2.14.v20151106.jar;C:\Users\yedenguele\.m2\repository\org\eclipse\jetty\jetty-util\9.2.14.v20151106\jetty-util-9.2.14.v20151106.jar;C:\Users\yedenguele\.m2\repository\org\eclipse\jetty\jetty-servlet\9.2.14.v20151106\jetty-servlet-9.2.14.v20151106.jar;C:\Users\yedenguele\.m2\repository\org\eclipse\jetty\jetty-security\9.2.14.v20151106\jetty-security-9.2.14.v20151106.jar;C:\Users\yedenguele\.m2\repository\org\eclipse\jetty\jetty-server\9.2.14.v20151106\jetty-server-9.2.14.v20151106.jar;C:\Users\yedenguele\.m2\repository\javax\servlet\javax.servlet-api\3.1.0\javax.servlet-api-3.1.0.jar;C:\Users\yedenguele\.m2\repository\org\eclipse\jetty\jetty-http\9.2.14.v20151106\jetty-http-9.2.14.v20151106.jar;C:\Users\yedenguele\.m2\repository\org\eclipse\jetty\jetty-io\9.2.14.v20151106\jetty-io-9.2.14.v20151106.jar;'
18:01:32.834 [main] DEBUG o.s.c.e.PropertySourcesPropertyResolver - Searching for key 'user.name' in [servletConfigInitParams]
18:01:32.834 [main] DEBUG o.s.c.e.PropertySourcesPropertyResolver - Searching for key 'user.name' in [servletContextInitParams]
18:01:32.834 [main] DEBUG o.s.c.e.PropertySourcesPropertyResolver - Searching for key 'user.name' in [systemProperties]
18:01:32.834 [main] DEBUG o.s.c.e.PropertySourcesPropertyResolver - Found key 'user.name' in [systemProperties] with type [String] and value 'yedenguele'
18:01:32.835 [main] DEBUG o.s.c.e.PropertySourcesPropertyResolver - Searching for key 'java.vm.specification.version' in [servletConfigInitParams]
18:01:32.835 [main] DEBUG o.s.c.e.PropertySourcesPropertyResolver - Searching for key 'java.vm.specification.version' in [servletContextInitParams]
18:01:32.835 [main] DEBUG o.s.c.e.PropertySourcesPropertyResolver - Searching for key 'java.vm.specification.version' in [systemProperties]
18:01:32.835 [main] DEBUG o.s.c.e.PropertySourcesPropertyResolver - Found key 'java.vm.specification.version' in [systemProperties] with type [String] and value '1.8'
18:01:32.835 [main] DEBUG o.s.c.e.PropertySourcesPropertyResolver - Searching for key 'sun.java.command' in [servletConfigInitParams]
18:01:32.835 [main] DEBUG o.s.c.e.PropertySourcesPropertyResolver - Searching for key 'sun.java.command' in [servletContextInitParams]
18:01:32.835 [main] DEBUG o.s.c.e.PropertySourcesPropertyResolver - Searching for key 'sun.java.command' in [systemProperties]
18:01:32.835 [main] DEBUG o.s.c.e.PropertySourcesPropertyResolver - Found key 'sun.java.command' in [systemProperties] with type [String] and value 'C:\Users\yedenguele\yves\todo\target\surefire\surefirebooter9184103422152208635.jar C:\Users\yedenguele\yves\todo\target\surefire\surefire4012073052926401016tmp C:\Users\yedenguele\yves\todo\target\surefire\surefire_07018134679963535633tmp'
18:01:32.835 [main] DEBUG o.s.c.e.PropertySourcesPropertyResolver - Searching for key 'java.home' in [servletConfigInitParams]
18:01:32.835 [main] DEBUG o.s.c.e.PropertySourcesPropertyResolver - Searching for key 'java.home' in [servletContextInitParams]
18:01:32.835 [main] DEBUG o.s.c.e.PropertySourcesPropertyResolver - Searching for key 'java.home' in [systemProperties]
18:01:32.836 [main] DEBUG o.s.c.e.PropertySourcesPropertyResolver - Found key 'java.home' in [systemProperties] with type [String] and value 'C:\Program Files\Java\jdk1.8.0_92\jre'
18:01:32.836 [main] DEBUG o.s.c.e.PropertySourcesPropertyResolver - Searching for key 'sun.arch.data.model' in [servletConfigInitParams]
18:01:32.836 [main] DEBUG o.s.c.e.PropertySourcesPropertyResolver - Searching for key 'sun.arch.data.model' in [servletContextInitParams]
18:01:32.836 [main] DEBUG o.s.c.e.PropertySourcesPropertyResolver - Searching for key 'sun.arch.data.model' in [systemProperties]
18:01:32.836 [main] DEBUG o.s.c.e.PropertySourcesPropertyResolver - Found key 'sun.arch.data.model' in [systemProperties] with type [String] and value '64'
18:01:32.836 [main] DEBUG o.s.c.e.PropertySourcesPropertyResolver - Searching for key 'user.language' in [servletConfigInitParams]
18:01:32.836 [main] DEBUG o.s.c.e.PropertySourcesPropertyResolver - Searching for key 'user.language' in [servletContextInitParams]
18:01:32.836 [main] DEBUG o.s.c.e.PropertySourcesPropertyResolver - Searching for key 'user.language' in [systemProperties]
18:01:32.836 [main] DEBUG o.s.c.e.PropertySourcesPropertyResolver - Found key 'user.language' in [systemProperties] with type [String] and value 'fr'
18:01:32.836 [main] DEBUG o.s.c.e.PropertySourcesPropertyResolver - Searching for key 'java.specification.vendor' in [servletConfigInitParams]
18:01:32.837 [main] DEBUG o.s.c.e.PropertySourcesPropertyResolver - Searching for key 'java.specification.vendor' in [servletContextInitParams]
18:01:32.837 [main] DEBUG o.s.c.e.PropertySourcesPropertyResolver - Searching for key 'java.specification.vendor' in [systemProperties]
18:01:32.837 [main] DEBUG o.s.c.e.PropertySourcesPropertyResolver - Found key 'java.specification.vendor' in [systemProperties] with type [String] and value 'Oracle Corporation'
18:01:32.837 [main] DEBUG o.s.c.e.PropertySourcesPropertyResolver - Searching for key 'awt.toolkit' in [servletConfigInitParams]
18:01:32.837 [main] DEBUG o.s.c.e.PropertySourcesPropertyResolver - Searching for key 'awt.toolkit' in [servletContextInitParams]
18:01:32.837 [main] DEBUG o.s.c.e.PropertySourcesPropertyResolver - Searching for key 'awt.toolkit' in [systemProperties]
18:01:32.837 [main] DEBUG o.s.c.e.PropertySourcesPropertyResolver - Found key 'awt.toolkit' in [systemProperties] with type [String] and value 'sun.awt.windows.WToolkit'
18:01:32.837 [main] DEBUG o.s.c.e.PropertySourcesPropertyResolver - Searching for key 'java.vm.info' in [servletConfigInitParams]
18:01:32.838 [main] DEBUG o.s.c.e.PropertySourcesPropertyResolver - Searching for key 'java.vm.info' in [servletContextInitParams]
18:01:32.838 [main] DEBUG o.s.c.e.PropertySourcesPropertyResolver - Searching for key 'java.vm.info' in [systemProperties]
18:01:32.838 [main] DEBUG o.s.c.e.PropertySourcesPropertyResolver - Found key 'java.vm.info' in [systemProperties] with type [String] and value 'mixed mode'
18:01:32.838 [main] DEBUG o.s.c.e.PropertySourcesPropertyResolver - Searching for key 'java.version' in [servletConfigInitParams]
18:01:32.838 [main] DEBUG o.s.c.e.PropertySourcesPropertyResolver - Searching for key 'java.version' in [servletContextInitParams]
18:01:32.838 [main] DEBUG o.s.c.e.PropertySourcesPropertyResolver - Searching for key 'java.version' in [systemProperties]
18:01:32.838 [main] DEBUG o.s.c.e.PropertySourcesPropertyResolver - Found key 'java.version' in [systemProperties] with type [String] and value '1.8.0_92'
18:01:32.838 [main] DEBUG o.s.c.e.PropertySourcesPropertyResolver - Searching for key 'java.ext.dirs' in [servletConfigInitParams]
18:01:32.838 [main] DEBUG o.s.c.e.PropertySourcesPropertyResolver - Searching for key 'java.ext.dirs' in [servletContextInitParams]
18:01:32.838 [main] DEBUG o.s.c.e.PropertySourcesPropertyResolver - Searching for key 'java.ext.dirs' in [systemProperties]
18:01:32.839 [main] DEBUG o.s.c.e.PropertySourcesPropertyResolver - Found key 'java.ext.dirs' in [systemProperties] with type [String] and value 'C:\Program Files\Java\jdk1.8.0_92\jre\lib\ext;C:\Windows\Sun\Java\lib\ext'
18:01:32.839 [main] DEBUG o.s.c.e.PropertySourcesPropertyResolver - Searching for key 'sun.boot.class.path' in [servletConfigInitParams]
18:01:32.839 [main] DEBUG o.s.c.e.PropertySourcesPropertyResolver - Searching for key 'sun.boot.class.path' in [servletContextInitParams]
18:01:32.839 [main] DEBUG o.s.c.e.PropertySourcesPropertyResolver - Searching for key 'sun.boot.class.path' in [systemProperties]
18:01:32.839 [main] DEBUG o.s.c.e.PropertySourcesPropertyResolver - Found key 'sun.boot.class.path' in [systemProperties] with type [String] and value 'C:\Program Files\Java\jdk1.8.0_92\jre\lib\resources.jar;C:\Program Files\Java\jdk1.8.0_92\jre\lib\rt.jar;C:\Program Files\Java\jdk1.8.0_92\jre\lib\sunrsasign.jar;C:\Program Files\Java\jdk1.8.0_92\jre\lib\jsse.jar;C:\Program Files\Java\jdk1.8.0_92\jre\lib\jce.jar;C:\Program Files\Java\jdk1.8.0_92\jre\lib\charsets.jar;C:\Program Files\Java\jdk1.8.0_92\jre\lib\jfr.jar;C:\Program Files\Java\jdk1.8.0_92\jre\classes'
18:01:32.839 [main] DEBUG o.s.c.e.PropertySourcesPropertyResolver - Searching for key 'java.vendor' in [servletConfigInitParams]
18:01:32.839 [main] DEBUG o.s.c.e.PropertySourcesPropertyResolver - Searching for key 'java.vendor' in [servletContextInitParams]
18:01:32.839 [main] DEBUG o.s.c.e.PropertySourcesPropertyResolver - Searching for key 'java.vendor' in [systemProperties]
18:01:32.839 [main] DEBUG o.s.c.e.PropertySourcesPropertyResolver - Found key 'java.vendor' in [systemProperties] with type [String] and value 'Oracle Corporation'
18:01:32.839 [main] DEBUG o.s.c.e.PropertySourcesPropertyResolver - Searching for key 'localRepository' in [servletConfigInitParams]
18:01:32.840 [main] DEBUG o.s.c.e.PropertySourcesPropertyResolver - Searching for key 'localRepository' in [servletContextInitParams]
18:01:32.840 [main] DEBUG o.s.c.e.PropertySourcesPropertyResolver - Searching for key 'localRepository' in [systemProperties]
18:01:32.840 [main] DEBUG o.s.c.e.PropertySourcesPropertyResolver - Found key 'localRepository' in [systemProperties] with type [String] and value 'C:\Users\yedenguele\.m2\repository'
18:01:32.840 [main] DEBUG o.s.c.e.PropertySourcesPropertyResolver - Searching for key 'file.separator' in [servletConfigInitParams]
18:01:32.840 [main] DEBUG o.s.c.e.PropertySourcesPropertyResolver - Searching for key 'file.separator' in [servletContextInitParams]
18:01:32.840 [main] DEBUG o.s.c.e.PropertySourcesPropertyResolver - Searching for key 'file.separator' in [systemProperties]
18:01:32.840 [main] DEBUG o.s.c.e.PropertySourcesPropertyResolver - Found key 'file.separator' in [systemProperties] with type [String] and value '\'
18:01:32.840 [main] DEBUG o.s.c.e.PropertySourcesPropertyResolver - Searching for key 'java.vendor.url.bug' in [servletConfigInitParams]
18:01:32.840 [main] DEBUG o.s.c.e.PropertySourcesPropertyResolver - Searching for key 'java.vendor.url.bug' in [servletContextInitParams]
18:01:32.841 [main] DEBUG o.s.c.e.PropertySourcesPropertyResolver - Searching for key 'java.vendor.url.bug' in [systemProperties]
18:01:32.841 [main] DEBUG o.s.c.e.PropertySourcesPropertyResolver - Found key 'java.vendor.url.bug' in [systemProperties] with type [String] and value 'http://bugreport.sun.com/bugreport/'
18:01:32.841 [main] DEBUG o.s.c.e.PropertySourcesPropertyResolver - Searching for key 'sun.io.unicode.encoding' in [servletConfigInitParams]
18:01:32.841 [main] DEBUG o.s.c.e.PropertySourcesPropertyResolver - Searching for key 'sun.io.unicode.encoding' in [servletContextInitParams]
18:01:32.841 [main] DEBUG o.s.c.e.PropertySourcesPropertyResolver - Searching for key 'sun.io.unicode.encoding' in [systemProperties]
18:01:32.841 [main] DEBUG o.s.c.e.PropertySourcesPropertyResolver - Found key 'sun.io.unicode.encoding' in [systemProperties] with type [String] and value 'UnicodeLittle'
18:01:32.841 [main] DEBUG o.s.c.e.PropertySourcesPropertyResolver - Searching for key 'sun.cpu.endian' in [servletConfigInitParams]
18:01:32.841 [main] DEBUG o.s.c.e.PropertySourcesPropertyResolver - Searching for key 'sun.cpu.endian' in [servletContextInitParams]
18:01:32.841 [main] DEBUG o.s.c.e.PropertySourcesPropertyResolver - Searching for key 'sun.cpu.endian' in [systemProperties]
18:01:32.841 [main] DEBUG o.s.c.e.PropertySourcesPropertyResolver - Found key 'sun.cpu.endian' in [systemProperties] with type [String] and value 'little'
18:01:32.841 [main] DEBUG o.s.c.e.PropertySourcesPropertyResolver - Searching for key 'sun.desktop' in [servletConfigInitParams]
18:01:32.842 [main] DEBUG o.s.c.e.PropertySourcesPropertyResolver - Searching for key 'sun.desktop' in [servletContextInitParams]
18:01:32.842 [main] DEBUG o.s.c.e.PropertySourcesPropertyResolver - Searching for key 'sun.desktop' in [systemProperties]
18:01:32.842 [main] DEBUG o.s.c.e.PropertySourcesPropertyResolver - Found key 'sun.desktop' in [systemProperties] with type [String] and value 'windows'
18:01:32.842 [main] DEBUG o.s.c.e.PropertySourcesPropertyResolver - Searching for key 'sun.cpu.isalist' in [servletConfigInitParams]
18:01:32.842 [main] DEBUG o.s.c.e.PropertySourcesPropertyResolver - Searching for key 'sun.cpu.isalist' in [servletContextInitParams]
18:01:32.842 [main] DEBUG o.s.c.e.PropertySourcesPropertyResolver - Searching for key 'sun.cpu.isalist' in [systemProperties]
18:01:32.842 [main] DEBUG o.s.c.e.PropertySourcesPropertyResolver - Found key 'sun.cpu.isalist' in [systemProperties] with type [String] and value 'amd64'
18:01:32.843 [main] DEBUG o.s.c.e.PropertySourcesPropertyResolver - Searching for key 'PATH' in [servletConfigInitParams]
18:01:32.843 [main] DEBUG o.s.c.e.PropertySourcesPropertyResolver - Searching for key 'PATH' in [servletContextInitParams]
18:01:32.843 [main] DEBUG o.s.c.e.PropertySourcesPropertyResolver - Searching for key 'PATH' in [systemProperties]
18:01:32.843 [main] DEBUG o.s.c.e.PropertySourcesPropertyResolver - Searching for key 'PATH' in [systemEnvironment]
18:01:32.843 [main] DEBUG o.s.c.e.PropertySourcesPropertyResolver - Found key 'PATH' in [systemEnvironment] with type [String] and value 'C:\Program Files (x86)\Intel\iCLS Client\;C:\Program Files\Intel\iCLS Client\;C:\Windows\system32;C:\Windows;C:\Windows\System32\Wbem;C:\Windows\System32\WindowsPowerShell\v1.0\;C:\Program Files (x86)\Intel\Intel(R) Management Engine Components\DAL;C:\Program Files\Intel\Intel(R) Management Engine Components\DAL;C:\Program Files (x86)\Intel\Intel(R) Management Engine Components\IPT;C:\Program Files\Intel\Intel(R) Management Engine Components\IPT;C:\Program Files\Intel\WiFi\bin\;C:\Program Files\Common Files\Intel\WirelessCommon\;C:\gradle-2.12\bin;%JAVA_HOME%\bin;C:\Program Files\nodejs\;C:\apache-maven-3.3.9\bin;C:\Program Files\Git\bin;C:\Users\yedenguele\mongodb\bin;C:\Program Files (x86)\Skype\Phone\;C:\Users\yedenguele\spring-1.3.3.RELEASE\bin;C:\Users\yedenguele\AppData\Roaming\npm'
18:01:32.843 [main] DEBUG o.s.c.e.PropertySourcesPropertyResolver - Searching for key 'USERDOMAIN_ROAMINGPROFILE' in [servletConfigInitParams]
18:01:32.843 [main] DEBUG o.s.c.e.PropertySourcesPropertyResolver - Searching for key 'USERDOMAIN_ROAMINGPROFILE' in [servletContextInitParams]
18:01:32.843 [main] DEBUG o.s.c.e.PropertySourcesPropertyResolver - Searching for key 'USERDOMAIN_ROAMINGPROFILE' in [systemProperties]
18:01:32.843 [main] DEBUG o.s.c.e.PropertySourcesPropertyResolver - Searching for key 'USERDOMAIN_ROAMINGPROFILE' in [systemEnvironment]
18:01:32.844 [main] DEBUG o.s.c.e.PropertySourcesPropertyResolver - Found key 'USERDOMAIN_ROAMINGPROFILE' in [systemEnvironment] with type [String] and value 'PALOITLPT025'
18:01:32.844 [main] DEBUG o.s.c.e.PropertySourcesPropertyResolver - Searching for key 'PROCESSOR_LEVEL' in [servletConfigInitParams]
18:01:32.844 [main] DEBUG o.s.c.e.PropertySourcesPropertyResolver - Searching for key 'PROCESSOR_LEVEL' in [servletContextInitParams]
18:01:32.844 [main] DEBUG o.s.c.e.PropertySourcesPropertyResolver - Searching for key 'PROCESSOR_LEVEL' in [systemProperties]
18:01:32.844 [main] DEBUG o.s.c.e.PropertySourcesPropertyResolver - Searching for key 'PROCESSOR_LEVEL' in [systemEnvironment]
18:01:32.844 [main] DEBUG o.s.c.e.PropertySourcesPropertyResolver - Found key 'PROCESSOR_LEVEL' in [systemEnvironment] with type [String] and value '6'
18:01:32.844 [main] DEBUG o.s.c.e.PropertySourcesPropertyResolver - Searching for key 'SYSTEMDRIVE' in [servletConfigInitParams]
18:01:32.844 [main] DEBUG o.s.c.e.PropertySourcesPropertyResolver - Searching for key 'SYSTEMDRIVE' in [servletContextInitParams]
18:01:32.844 [main] DEBUG o.s.c.e.PropertySourcesPropertyResolver - Searching for key 'SYSTEMDRIVE' in [systemProperties]
18:01:32.844 [main] DEBUG o.s.c.e.PropertySourcesPropertyResolver - Searching for key 'SYSTEMDRIVE' in [systemEnvironment]
18:01:32.844 [main] DEBUG o.s.c.e.PropertySourcesPropertyResolver - Found key 'SYSTEMDRIVE' in [systemEnvironment] with type [String] and value 'C:'
18:01:32.845 [main] DEBUG o.s.c.e.PropertySourcesPropertyResolver - Searching for key 'M2' in [servletConfigInitParams]
18:01:32.845 [main] DEBUG o.s.c.e.PropertySourcesPropertyResolver - Searching for key 'M2' in [servletContextInitParams]
18:01:32.845 [main] DEBUG o.s.c.e.PropertySourcesPropertyResolver - Searching for key 'M2' in [systemProperties]
18:01:32.845 [main] DEBUG o.s.c.e.PropertySourcesPropertyResolver - Searching for key 'M2' in [systemEnvironment]
18:01:32.845 [main] DEBUG o.s.c.e.PropertySourcesPropertyResolver - Found key 'M2' in [systemEnvironment] with type [String] and value 'C:\apache-maven-3.3.9\bin'
18:01:32.845 [main] DEBUG o.s.c.e.PropertySourcesPropertyResolver - Searching for key 'M3' in [servletConfigInitParams]
18:01:32.845 [main] DEBUG o.s.c.e.PropertySourcesPropertyResolver - Searching for key 'M3' in [servletContextInitParams]
18:01:32.845 [main] DEBUG o.s.c.e.PropertySourcesPropertyResolver - Searching for key 'M3' in [systemProperties]
18:01:32.845 [main] DEBUG o.s.c.e.PropertySourcesPropertyResolver - Searching for key 'M3' in [systemEnvironment]
18:01:32.845 [main] DEBUG o.s.c.e.PropertySourcesPropertyResolver - Found key 'M3' in [systemEnvironment] with type [String] and value 'C:\gradle-2.2.1\bin'
18:01:32.846 [main] DEBUG o.s.c.e.PropertySourcesPropertyResolver - Searching for key 'SESSIONNAME' in [servletConfigInitParams]
18:01:32.846 [main] DEBUG o.s.c.e.PropertySourcesPropertyResolver - Searching for key 'SESSIONNAME' in [servletContextInitParams]
18:01:32.846 [main] DEBUG o.s.c.e.PropertySourcesPropertyResolver - Searching for key 'SESSIONNAME' in [systemProperties]
18:01:32.846 [main] DEBUG o.s.c.e.PropertySourcesPropertyResolver - Searching for key 'SESSIONNAME' in [systemEnvironment]
18:01:32.846 [main] DEBUG o.s.c.e.PropertySourcesPropertyResolver - Found key 'SESSIONNAME' in [systemEnvironment] with type [String] and value 'Console'
18:01:32.846 [main] DEBUG o.s.c.e.PropertySourcesPropertyResolver - Searching for key 'ALLUSERSPROFILE' in [servletConfigInitParams]
18:01:32.846 [main] DEBUG o.s.c.e.PropertySourcesPropertyResolver - Searching for key 'ALLUSERSPROFILE' in [servletContextInitParams]
18:01:32.846 [main] DEBUG o.s.c.e.PropertySourcesPropertyResolver - Searching for key 'ALLUSERSPROFILE' in [systemProperties]
18:01:32.846 [main] DEBUG o.s.c.e.PropertySourcesPropertyResolver - Searching for key 'ALLUSERSPROFILE' in [systemEnvironment]
18:01:32.846 [main] DEBUG o.s.c.e.PropertySourcesPropertyResolver - Found key 'ALLUSERSPROFILE' in [systemEnvironment] with type [String] and value 'C:\ProgramData'
18:01:32.846 [main] DEBUG o.s.c.e.PropertySourcesPropertyResolver - Searching for key 'PROCESSOR_ARCHITECTURE' in [servletConfigInitParams]
[...]
18:01:37.690 [main] DEBUG o.s.b.f.s.DefaultListableBeanFactory - Finished creating instance of bean 'org.springframework.web.servlet.support.SessionFlashMapManager'
18:01:37.691 [main] DEBUG o.s.t.w.s.TestDispatcherServlet - Unable to locate FlashMapManager with name 'flashMapManager': using default [org.springframework.web.servlet.support.SessionFlashMapManager@650c405c]
18:01:37.691 [main] DEBUG o.s.t.w.s.TestDispatcherServlet - Published WebApplicationContext of servlet '' as ServletContext attribute with name [org.springframework.web.servlet.FrameworkServlet.CONTEXT.]
18:01:37.691 [main] INFO  o.s.t.w.s.TestDispatcherServlet - FrameworkServlet '': initialization completed in 23 ms
18:01:37.691 [main] DEBUG o.s.t.w.s.TestDispatcherServlet - Servlet '' configured successfully
18:01:37.716 [main] DEBUG o.s.t.w.s.TestDispatcherServlet - DispatcherServlet with name '' processing GET request for [/todo]
18:01:37.720 [main] DEBUG o.s.w.s.m.m.a.RequestMappingHandlerMapping - Looking up handler method for path /todo
18:01:37.722 [main] DEBUG o.s.w.s.m.m.a.RequestMappingHandlerMapping - Returning handler method [public java.util.List<com.todolist.domain.Todo> com.todolist.services.TodoCtrl.toda()]
18:01:37.723 [main] DEBUG o.s.b.f.s.DefaultListableBeanFactory - Returning cached instance of singleton bean 'todoCtrl'
18:01:37.725 [main] DEBUG o.s.t.w.s.TestDispatcherServlet - Last-Modified value for [/todo] is: -1
18:01:37.746 [main] DEBUG o.s.data.mongodb.core.MongoTemplate - find using query: { } fields: null for class: class com.todolist.domain.Todo in collection: Todo
18:01:37.751 [main] DEBUG o.s.data.mongodb.core.MongoDbUtils - Getting Mongo Database name=[test]
18:01:47.772 [main] DEBUG o.s.w.s.m.m.a.ExceptionHandlerExceptionResolver - Resolving exception from handler [public java.util.List<com.todolist.domain.Todo> com.todolist.services.TodoCtrl.toda()]: org.springframework.dao.DataAccessResourceFailureException: Timed out after 10000 ms while waiting to connect. Client view of cluster state is {type=Unknown, servers=[{address=localhost:27017, type=Unknown, state=Connecting, exception={com.mongodb.MongoException$Network: Exception opening the socket}, caused by {java.net.ConnectException: Connection refused: connect}}]; nested exception is com.mongodb.MongoTimeoutException: Timed out after 10000 ms while waiting to connect. Client view of cluster state is {type=Unknown, servers=[{address=localhost:27017, type=Unknown, state=Connecting, exception={com.mongodb.MongoException$Network: Exception opening the socket}, caused by {java.net.ConnectException: Connection refused: connect}}]
18:01:47.776 [main] DEBUG o.s.w.s.m.a.ResponseStatusExceptionResolver - Resolving exception from handler [public java.util.List<com.todolist.domain.Todo> com.todolist.services.TodoCtrl.toda()]: org.springframework.dao.DataAccessResourceFailureException: Timed out after 10000 ms while waiting to connect. Client view of cluster state is {type=Unknown, servers=[{address=localhost:27017, type=Unknown, state=Connecting, exception={com.mongodb.MongoException$Network: Exception opening the socket}, caused by {java.net.ConnectException: Connection refused: connect}}]; nested exception is com.mongodb.MongoTimeoutException: Timed out after 10000 ms while waiting to connect. Client view of cluster state is {type=Unknown, servers=[{address=localhost:27017, type=Unknown, state=Connecting, exception={com.mongodb.MongoException$Network: Exception opening the socket}, caused by {java.net.ConnectException: Connection refused: connect}}]
18:01:47.776 [main] DEBUG o.s.w.s.m.s.DefaultHandlerExceptionResolver - Resolving exception from handler [public java.util.List<com.todolist.domain.Todo> com.todolist.services.TodoCtrl.toda()]: org.springframework.dao.DataAccessResourceFailureException: Timed out after 10000 ms while waiting to connect. Client view of cluster state is {type=Unknown, servers=[{address=localhost:27017, type=Unknown, state=Connecting, exception={com.mongodb.MongoException$Network: Exception opening the socket}, caused by {java.net.ConnectException: Connection refused: connect}}]; nested exception is com.mongodb.MongoTimeoutException: Timed out after 10000 ms while waiting to connect. Client view of cluster state is {type=Unknown, servers=[{address=localhost:27017, type=Unknown, state=Connecting, exception={com.mongodb.MongoException$Network: Exception opening the socket}, caused by {java.net.ConnectException: Connection refused: connect}}]
18:01:47.780 [main] DEBUG o.s.t.w.s.TestDispatcherServlet - Could not complete request
org.springframework.dao.DataAccessResourceFailureException: Timed out after 10000 ms while waiting to connect. Client view of cluster state is {type=Unknown, servers=[{address=localhost:27017, type=Unknown, state=Connecting, exception={com.mongodb.MongoException$Network: Exception opening the socket}, caused by {java.net.ConnectException: Connection refused: connect}}]; nested exception is com.mongodb.MongoTimeoutException: Timed out after 10000 ms while waiting to connect. Client view of cluster state is {type=Unknown, servers=[{address=localhost:27017, type=Unknown, state=Connecting, exception={com.mongodb.MongoException$Network: Exception opening the socket}, caused by {java.net.ConnectException: Connection refused: connect}}]
	at org.springframework.data.mongodb.core.MongoExceptionTranslator.translateExceptionIfPossible(MongoExceptionTranslator.java:75) ~[spring-data-mongodb-1.8.2.RELEASE.jar:na]
	at org.springframework.data.mongodb.core.MongoTemplate.potentiallyConvertRuntimeException(MongoTemplate.java:2069) ~[spring-data-mongodb-1.8.2.RELEASE.jar:na]
	at org.springframework.data.mongodb.core.MongoTemplate.executeFindMultiInternal(MongoTemplate.java:1912) ~[spring-data-mongodb-1.8.2.RELEASE.jar:na]
	at org.springframework.data.mongodb.core.MongoTemplate.doFind(MongoTemplate.java:1723) ~[spring-data-mongodb-1.8.2.RELEASE.jar:na]
	at org.springframework.data.mongodb.core.MongoTemplate.doFind(MongoTemplate.java:1706) ~[spring-data-mongodb-1.8.2.RELEASE.jar:na]
	at org.springframework.data.mongodb.core.MongoTemplate.find(MongoTemplate.java:602) ~[spring-data-mongodb-1.8.2.RELEASE.jar:na]
	at org.springframework.data.mongodb.repository.support.SimpleMongoRepository.findAll(SimpleMongoRepository.java:268) ~[spring-data-mongodb-1.8.2.RELEASE.jar:na]
	at org.springframework.data.mongodb.repository.support.SimpleMongoRepository.findAll(SimpleMongoRepository.java:193) ~[spring-data-mongodb-1.8.2.RELEASE.jar:na]
	at sun.reflect.NativeMethodAccessorImpl.invoke0(Native Method) ~[na:1.8.0_92]
	at sun.reflect.NativeMethodAccessorImpl.invoke(NativeMethodAccessorImpl.java:62) ~[na:1.8.0_92]
	at sun.reflect.DelegatingMethodAccessorImpl.invoke(DelegatingMethodAccessorImpl.java:43) ~[na:1.8.0_92]
	at java.lang.reflect.Method.invoke(Method.java:498) ~[na:1.8.0_92]
	at org.springframework.data.repository.core.support.RepositoryFactorySupport$QueryExecutorMethodInterceptor.executeMethodOn(RepositoryFactorySupport.java:483) ~[spring-data-commons-1.11.2.RELEASE.jar:na]
	at org.springframework.data.repository.core.support.RepositoryFactorySupport$QueryExecutorMethodInterceptor.doInvoke(RepositoryFactorySupport.java:468) ~[spring-data-commons-1.11.2.RELEASE.jar:na]
	at org.springframework.data.repository.core.support.RepositoryFactorySupport$QueryExecutorMethodInterceptor.invoke(RepositoryFactorySupport.java:440) ~[spring-data-commons-1.11.2.RELEASE.jar:na]
	at org.springframework.aop.framework.ReflectiveMethodInvocation.proceed(ReflectiveMethodInvocation.java:179) ~[spring-aop-4.2.4.RELEASE.jar:4.2.4.RELEASE]
	at org.springframework.data.projection.DefaultMethodInvokingMethodInterceptor.invoke(DefaultMethodInvokingMethodInterceptor.java:61) ~[spring-data-commons-1.11.2.RELEASE.jar:na]
	at org.springframework.aop.framework.ReflectiveMethodInvocation.proceed(ReflectiveMethodInvocation.java:179) ~[spring-aop-4.2.4.RELEASE.jar:4.2.4.RELEASE]
	at org.springframework.aop.interceptor.ExposeInvocationInterceptor.invoke(ExposeInvocationInterceptor.java:92) ~[spring-aop-4.2.4.RELEASE.jar:4.2.4.RELEASE]
	at org.springframework.aop.framework.ReflectiveMethodInvocation.proceed(ReflectiveMethodInvocation.java:179) ~[spring-aop-4.2.4.RELEASE.jar:4.2.4.RELEASE]
	at org.springframework.aop.framework.JdkDynamicAopProxy.invoke(JdkDynamicAopProxy.java:208) ~[spring-aop-4.2.4.RELEASE.jar:4.2.4.RELEASE]
	at com.sun.proxy.$Proxy57.findAll(Unknown Source) ~[na:na]
	at com.todolist.services.TodoCtrl.toda(TodoCtrl.java:94) ~[classes/:na]
	at sun.reflect.NativeMethodAccessorImpl.invoke0(Native Method) ~[na:1.8.0_92]
	at sun.reflect.NativeMethodAccessorImpl.invoke(NativeMethodAccessorImpl.java:62) ~[na:1.8.0_92]
	at sun.reflect.DelegatingMethodAccessorImpl.invoke(DelegatingMethodAccessorImpl.java:43) ~[na:1.8.0_92]
	at java.lang.reflect.Method.invoke(Method.java:498) ~[na:1.8.0_92]
	at org.springframework.web.method.support.InvocableHandlerMethod.doInvoke(InvocableHandlerMethod.java:222) ~[spring-web-4.2.4.RELEASE.jar:4.2.4.RELEASE]
	at org.springframework.web.method.support.InvocableHandlerMethod.invokeForRequest(InvocableHandlerMethod.java:137) ~[spring-web-4.2.4.RELEASE.jar:4.2.4.RELEASE]
	at org.springframework.web.servlet.mvc.method.annotation.ServletInvocableHandlerMethod.invokeAndHandle(ServletInvocableHandlerMethod.java:110) ~[spring-webmvc-4.2.4.RELEASE.jar:4.2.4.RELEASE]
	at org.springframework.web.servlet.mvc.method.annotation.RequestMappingHandlerAdapter.invokeHandlerMethod(RequestMappingHandlerAdapter.java:814) ~[spring-webmvc-4.2.4.RELEASE.jar:4.2.4.RELEASE]
	at org.springframework.web.servlet.mvc.method.annotation.RequestMappingHandlerAdapter.handleInternal(RequestMappingHandlerAdapter.java:737) ~[spring-webmvc-4.2.4.RELEASE.jar:4.2.4.RELEASE]
	at org.springframework.web.servlet.mvc.method.AbstractHandlerMethodAdapter.handle(AbstractHandlerMethodAdapter.java:85) ~[spring-webmvc-4.2.4.RELEASE.jar:4.2.4.RELEASE]
	at org.springframework.web.servlet.DispatcherServlet.doDispatch(DispatcherServlet.java:959) ~[spring-webmvc-4.2.4.RELEASE.jar:4.2.4.RELEASE]
	at org.springframework.web.servlet.DispatcherServlet.doService(DispatcherServlet.java:893) ~[spring-webmvc-4.2.4.RELEASE.jar:4.2.4.RELEASE]
	at org.springframework.web.servlet.FrameworkServlet.processRequest(FrameworkServlet.java:969) [spring-webmvc-4.2.4.RELEASE.jar:4.2.4.RELEASE]
	at org.springframework.web.servlet.FrameworkServlet.doGet(FrameworkServlet.java:860) [spring-webmvc-4.2.4.RELEASE.jar:4.2.4.RELEASE]
	at javax.servlet.http.HttpServlet.service(HttpServlet.java:622) [tomcat-embed-core-8.0.30.jar:8.0.30]
	at org.springframework.web.servlet.FrameworkServlet.service(FrameworkServlet.java:845) [spring-webmvc-4.2.4.RELEASE.jar:4.2.4.RELEASE]
	at org.springframework.test.web.servlet.TestDispatcherServlet.service(TestDispatcherServlet.java:65) [spring-test-4.2.4.RELEASE.jar:4.2.4.RELEASE]
	at javax.servlet.http.HttpServlet.service(HttpServlet.java:729) [tomcat-embed-core-8.0.30.jar:8.0.30]
	at org.springframework.mock.web.MockFilterChain$ServletFilterProxy.doFilter(MockFilterChain.java:167) [spring-test-4.2.4.RELEASE.jar:4.2.4.RELEASE]
	at org.springframework.mock.web.MockFilterChain.doFilter(MockFilterChain.java:134) [spring-test-4.2.4.RELEASE.jar:4.2.4.RELEASE]
	at org.springframework.test.web.servlet.MockMvc.perform(MockMvc.java:155) [spring-test-4.2.4.RELEASE.jar:4.2.4.RELEASE]
	at com.todolist.TodoCtrlTest.test(TodoCtrlTest.java:47) [test-classes/:na]
	at sun.reflect.NativeMethodAccessorImpl.invoke0(Native Method) ~[na:1.8.0_92]
	at sun.reflect.NativeMethodAccessorImpl.invoke(NativeMethodAccessorImpl.java:62) ~[na:1.8.0_92]
	at sun.reflect.DelegatingMethodAccessorImpl.invoke(DelegatingMethodAccessorImpl.java:43) ~[na:1.8.0_92]
	at java.lang.reflect.Method.invoke(Method.java:498) ~[na:1.8.0_92]
	at org.junit.runners.model.FrameworkMethod$1.runReflectiveCall(FrameworkMethod.java:50) [junit-4.12.jar:4.12]
	at org.junit.internal.runners.model.ReflectiveCallable.run(ReflectiveCallable.java:12) [junit-4.12.jar:4.12]
	at org.junit.runners.model.FrameworkMethod.invokeExplosively(FrameworkMethod.java:47) [junit-4.12.jar:4.12]
	at org.junit.internal.runners.statements.InvokeMethod.evaluate(InvokeMethod.java:17) [junit-4.12.jar:4.12]
	at org.junit.internal.runners.statements.RunBefores.evaluate(RunBefores.java:26) [junit-4.12.jar:4.12]
	at org.springframework.test.context.junit4.statements.RunBeforeTestMethodCallbacks.evaluate(RunBeforeTestMethodCallbacks.java:75) [spring-test-4.2.4.RELEASE.jar:4.2.4.RELEASE]
	at org.junit.internal.runners.statements.RunAfters.evaluate(RunAfters.java:27) [junit-4.12.jar:4.12]
	at org.springframework.test.context.junit4.statements.RunAfterTestMethodCallbacks.evaluate(RunAfterTestMethodCallbacks.java:86) [spring-test-4.2.4.RELEASE.jar:4.2.4.RELEASE]
	at org.springframework.test.context.junit4.statements.SpringRepeat.evaluate(SpringRepeat.java:84) [spring-test-4.2.4.RELEASE.jar:4.2.4.RELEASE]
	at org.junit.runners.ParentRunner.runLeaf(ParentRunner.java:325) [junit-4.12.jar:4.12]
	at org.springframework.test.context.junit4.SpringJUnit4ClassRunner.runChild(SpringJUnit4ClassRunner.java:254) [spring-test-4.2.4.RELEASE.jar:4.2.4.RELEASE]
	at org.springframework.test.context.junit4.SpringJUnit4ClassRunner.runChild(SpringJUnit4ClassRunner.java:89) [spring-test-4.2.4.RELEASE.jar:4.2.4.RELEASE]
	at org.junit.runners.ParentRunner$3.run(ParentRunner.java:290) [junit-4.12.jar:4.12]
	at org.junit.runners.ParentRunner$1.schedule(ParentRunner.java:71) [junit-4.12.jar:4.12]
	at org.junit.runners.ParentRunner.runChildren(ParentRunner.java:288) [junit-4.12.jar:4.12]
	at org.junit.runners.ParentRunner.access$000(ParentRunner.java:58) [junit-4.12.jar:4.12]
	at org.junit.runners.ParentRunner$2.evaluate(ParentRunner.java:268) [junit-4.12.jar:4.12]
	at org.springframework.test.context.junit4.statements.RunBeforeTestClassCallbacks.evaluate(RunBeforeTestClassCallbacks.java:61) [spring-test-4.2.4.RELEASE.jar:4.2.4.RELEASE]
	at org.springframework.test.context.junit4.statements.RunAfterTestClassCallbacks.evaluate(RunAfterTestClassCallbacks.java:70) [spring-test-4.2.4.RELEASE.jar:4.2.4.RELEASE]
	at org.junit.runners.ParentRunner.run(ParentRunner.java:363) [junit-4.12.jar:4.12]
	at org.springframework.test.context.junit4.SpringJUnit4ClassRunner.run(SpringJUnit4ClassRunner.java:193) [spring-test-4.2.4.RELEASE.jar:4.2.4.RELEASE]
	at org.apache.maven.surefire.junit4.JUnit4Provider.execute(JUnit4Provider.java:283) [surefire-junit4-2.18.1.jar:2.18.1]
	at org.apache.maven.surefire.junit4.JUnit4Provider.executeWithRerun(JUnit4Provider.java:173) [surefire-junit4-2.18.1.jar:2.18.1]
	at org.apache.maven.surefire.junit4.JUnit4Provider.executeTestSet(JUnit4Provider.java:153) [surefire-junit4-2.18.1.jar:2.18.1]
	at org.apache.maven.surefire.junit4.JUnit4Provider.invoke(JUnit4Provider.java:128) [surefire-junit4-2.18.1.jar:2.18.1]
	at org.apache.maven.surefire.booter.ForkedBooter.invokeProviderInSameClassLoader(ForkedBooter.java:203) [surefire-booter-2.18.1.jar:2.18.1]
	at org.apache.maven.surefire.booter.ForkedBooter.runSuitesInProcess(ForkedBooter.java:155) [surefire-booter-2.18.1.jar:2.18.1]
	at org.apache.maven.surefire.booter.ForkedBooter.main(ForkedBooter.java:103) [surefire-booter-2.18.1.jar:2.18.1]
Caused by: com.mongodb.MongoTimeoutException: Timed out after 10000 ms while waiting to connect. Client view of cluster state is {type=Unknown, servers=[{address=localhost:27017, type=Unknown, state=Connecting, exception={com.mongodb.MongoException$Network: Exception opening the socket}, caused by {java.net.ConnectException: Connection refused: connect}}]
	at com.mongodb.BaseCluster.getDescription(BaseCluster.java:128) ~[mongo-java-driver-2.13.3.jar:na]
	at com.mongodb.DBTCPConnector.getClusterDescription(DBTCPConnector.java:402) ~[mongo-java-driver-2.13.3.jar:na]
	at com.mongodb.DBTCPConnector.getType(DBTCPConnector.java:579) ~[mongo-java-driver-2.13.3.jar:na]
	at com.mongodb.DBTCPConnector.isMongosConnection(DBTCPConnector.java:376) ~[mongo-java-driver-2.13.3.jar:na]
	at com.mongodb.Mongo.isMongosConnection(Mongo.java:622) ~[mongo-java-driver-2.13.3.jar:na]
	at com.mongodb.DBCursor._check(DBCursor.java:494) ~[mongo-java-driver-2.13.3.jar:na]
	at com.mongodb.DBCursor._hasNext(DBCursor.java:621) ~[mongo-java-driver-2.13.3.jar:na]
	at com.mongodb.DBCursor.hasNext(DBCursor.java:657) ~[mongo-java-driver-2.13.3.jar:na]
	at org.springframework.data.mongodb.core.MongoTemplate.executeFindMultiInternal(MongoTemplate.java:1898) ~[spring-data-mongodb-1.8.2.RELEASE.jar:na]
	... 74 common frames omitted
18:01:47.785 [main] DEBUG o.s.t.c.s.AbstractDirtiesContextTestExecutionListener - After test method: context [DefaultTestContext@46daef40 testClass = TodoCtrlTest, testInstance = com.todolist.TodoCtrlTest@493b01ef, testMethod = test@TodoCtrlTest, testException = org.springframework.web.util.NestedServletException: Request processing failed; nested exception is org.springframework.dao.DataAccessResourceFailureException: Timed out after 10000 ms while waiting to connect. Client view of cluster state is {type=Unknown, servers=[{address=localhost:27017, type=Unknown, state=Connecting, exception={com.mongodb.MongoException$Network: Exception opening the socket}, caused by {java.net.ConnectException: Connection refused: connect}}]; nested exception is com.mongodb.MongoTimeoutException: Timed out after 10000 ms while waiting to connect. Client view of cluster state is {type=Unknown, servers=[{address=localhost:27017, type=Unknown, state=Connecting, exception={com.mongodb.MongoException$Network: Exception opening the socket}, caused by {java.net.ConnectException: Connection refused: connect}}], mergedContextConfiguration = [WebMergedContextConfiguration@12f41634 testClass = TodoCtrlTest, locations = '{}', classes = '{class com.todolist.Application}', contextInitializerClasses = '[]', activeProfiles = '{}', propertySourceLocations = '{}', propertySourceProperties = '{}', resourceBasePath = 'src/main/webapp', contextLoader = 'org.springframework.test.context.web.WebDelegatingSmartContextLoader', parent = [null]]], class annotated with @DirtiesContext [false] with mode [null], method annotated with @DirtiesContext [false] with mode [null].
18:01:47.785 [main] DEBUG o.s.t.c.w.ServletTestExecutionListener - Resetting RequestContextHolder for test context [DefaultTestContext@46daef40 testClass = TodoCtrlTest, testInstance = com.todolist.TodoCtrlTest@493b01ef, testMethod = test@TodoCtrlTest, testException = org.springframework.web.util.NestedServletException: Request processing failed; nested exception is org.springframework.dao.DataAccessResourceFailureException: Timed out after 10000 ms while waiting to connect. Client view of cluster state is {type=Unknown, servers=[{address=localhost:27017, type=Unknown, state=Connecting, exception={com.mongodb.MongoException$Network: Exception opening the socket}, caused by {java.net.ConnectException: Connection refused: connect}}]; nested exception is com.mongodb.MongoTimeoutException: Timed out after 10000 ms while waiting to connect. Client view of cluster state is {type=Unknown, servers=[{address=localhost:27017, type=Unknown, state=Connecting, exception={com.mongodb.MongoException$Network: Exception opening the socket}, caused by {java.net.ConnectException: Connection refused: connect}}], mergedContextConfiguration = [WebMergedContextConfiguration@12f41634 testClass = TodoCtrlTest, locations = '{}', classes = '{class com.todolist.Application}', contextInitializerClasses = '[]', activeProfiles = '{}', propertySourceLocations = '{}', propertySourceProperties = '{}', resourceBasePath = 'src/main/webapp', contextLoader = 'org.springframework.test.context.web.WebDelegatingSmartContextLoader', parent = [null]]].
]]></system-out>
  </testcase>
  <testcase name="test1" classname="com.todolist.TodoCtrlTest" time="0.033"/>
</testsuite>